This is pdfTeX, Version 3.14159265-2.6-1.40.19 (TeX Live 2018) (preloaded format=pdflatex 2018.10.16)  24 OCT 2018 07:10
entering extended mode
 restricted \write18 enabled.
 %&-line parsing enabled.
**StatisticsNotesVasishth-knitr.tex
(./StatisticsNotesVasishth-knitr.tex
LaTeX2e <2018-04-01> patch level 2
Babel <3.18> and hyphenation patterns for 84 language(s) loaded.
(/usr/local/texlive/2018/texmf-dist/tex/latex/base/book.cls
Document Class: book 2014/09/29 v1.4h Standard LaTeX document class
(/usr/local/texlive/2018/texmf-dist/tex/latex/base/bk12.clo
File: bk12.clo 2014/09/29 v1.4h Standard LaTeX file (size option)
)
\c@part=\count80
\c@chapter=\count81
\c@section=\count82
\c@subsection=\count83
\c@subsubsection=\count84
\c@paragraph=\count85
\c@subparagraph=\count86
\c@figure=\count87
\c@table=\count88
\abovecaptionskip=\skip41
\belowcaptionskip=\skip42
\bibindent=\dimen102
)
(/usr/local/texlive/2018/texmf-dist/tex/latex/graphics/graphicx.sty
Package: graphicx 2017/06/01 v1.1a Enhanced LaTeX Graphics (DPC,SPQR)

(/usr/local/texlive/2018/texmf-dist/tex/latex/graphics/keyval.sty
Package: keyval 2014/10/28 v1.15 key=value parser (DPC)
\KV@toks@=\toks14
)
(/usr/local/texlive/2018/texmf-dist/tex/latex/graphics/graphics.sty
Package: graphics 2017/06/25 v1.2c Standard LaTeX Graphics (DPC,SPQR)

(/usr/local/texlive/2018/texmf-dist/tex/latex/graphics/trig.sty
Package: trig 2016/01/03 v1.10 sin cos tan (DPC)
)
(/usr/local/texlive/2018/texmf-dist/tex/latex/graphics-cfg/graphics.cfg
File: graphics.cfg 2016/06/04 v1.11 sample graphics configuration
)
Package graphics Info: Driver file: pdftex.def on input line 99.

(/usr/local/texlive/2018/texmf-dist/tex/latex/graphics-def/pdftex.def
File: pdftex.def 2018/01/08 v1.0l Graphics/color driver for pdftex
))
\Gin@req@height=\dimen103
\Gin@req@width=\dimen104
)
(/usr/local/texlive/2018/texmf-dist/tex/latex/graphics/color.sty
Package: color 2016/07/10 v1.1e Standard LaTeX Color (DPC)

(/usr/local/texlive/2018/texmf-dist/tex/latex/graphics-cfg/color.cfg
File: color.cfg 2016/01/02 v1.6 sample color configuration
)
Package color Info: Driver file: pdftex.def on input line 147.
)
(/usr/local/texlive/2018/texmf-dist/tex/latex/framed/framed.sty
Package: framed 2011/10/22 v 0.96: framed or shaded text with page breaks
\OuterFrameSep=\skip43
\fb@frw=\dimen105
\fb@frh=\dimen106
\FrameRule=\dimen107
\FrameSep=\dimen108
)
(/usr/local/texlive/2018/texmf-dist/tex/latex/base/alltt.sty
Package: alltt 1997/06/16 v2.0g defines alltt environment
)
(/usr/local/texlive/2018/texmf-dist/tex/latex/geometry/geometry.sty
Package: geometry 2018/03/24 v5.7 Page Geometry

(/usr/local/texlive/2018/texmf-dist/tex/generic/oberdiek/ifpdf.sty
Package: ifpdf 2017/03/15 v3.2 Provides the ifpdf switch
)
(/usr/local/texlive/2018/texmf-dist/tex/generic/oberdiek/ifvtex.sty
Package: ifvtex 2016/05/16 v1.6 Detect VTeX and its facilities (HO)
Package ifvtex Info: VTeX not detected.
)
(/usr/local/texlive/2018/texmf-dist/tex/generic/ifxetex/ifxetex.sty
Package: ifxetex 2010/09/12 v0.6 Provides ifxetex conditional
)
\Gm@cnth=\count89
\Gm@cntv=\count90
\c@Gm@tempcnt=\count91
\Gm@bindingoffset=\dimen109
\Gm@wd@mp=\dimen110
\Gm@odd@mp=\dimen111
\Gm@even@mp=\dimen112
\Gm@layoutwidth=\dimen113
\Gm@layoutheight=\dimen114
\Gm@layouthoffset=\dimen115
\Gm@layoutvoffset=\dimen116
\Gm@dimlist=\toks15
)
(/usr/local/texlive/2018/texmf-dist/tex/latex/hyperref/hyperref.sty
Package: hyperref 2018/02/06 v6.86b Hypertext links for LaTeX

(/usr/local/texlive/2018/texmf-dist/tex/generic/oberdiek/hobsub-hyperref.sty
Package: hobsub-hyperref 2016/05/16 v1.14 Bundle oberdiek, subset hyperref (HO)


(/usr/local/texlive/2018/texmf-dist/tex/generic/oberdiek/hobsub-generic.sty
Package: hobsub-generic 2016/05/16 v1.14 Bundle oberdiek, subset generic (HO)
Package: hobsub 2016/05/16 v1.14 Construct package bundles (HO)
Package: infwarerr 2016/05/16 v1.4 Providing info/warning/error messages (HO)
Package: ltxcmds 2016/05/16 v1.23 LaTeX kernel commands for general use (HO)
Package: ifluatex 2016/05/16 v1.4 Provides the ifluatex switch (HO)
Package ifluatex Info: LuaTeX not detected.
Package hobsub Info: Skipping package `ifvtex' (already loaded).
Package: intcalc 2016/05/16 v1.2 Expandable calculations with integers (HO)
Package hobsub Info: Skipping package `ifpdf' (already loaded).
Package: etexcmds 2016/05/16 v1.6 Avoid name clashes with e-TeX commands (HO)
Package etexcmds Info: Could not find \expanded.
(etexcmds)             That can mean that you are not using pdfTeX 1.50 or
(etexcmds)             that some package has redefined \expanded.
(etexcmds)             In the latter case, load this package earlier.
Package: kvsetkeys 2016/05/16 v1.17 Key value parser (HO)
Package: kvdefinekeys 2016/05/16 v1.4 Define keys (HO)
Package: pdftexcmds 2018/01/30 v0.27 Utility functions of pdfTeX for LuaTeX (HO
)
Package pdftexcmds Info: LuaTeX not detected.
Package pdftexcmds Info: \pdf@primitive is available.
Package pdftexcmds Info: \pdf@ifprimitive is available.
Package pdftexcmds Info: \pdfdraftmode found.
Package: pdfescape 2016/05/16 v1.14 Implements pdfTeX's escape features (HO)
Package: bigintcalc 2016/05/16 v1.4 Expandable calculations on big integers (HO
)
Package: bitset 2016/05/16 v1.2 Handle bit-vector datatype (HO)
Package: uniquecounter 2016/05/16 v1.3 Provide unlimited unique counter (HO)
)
Package hobsub Info: Skipping package `hobsub' (already loaded).
Package: letltxmacro 2016/05/16 v1.5 Let assignment for LaTeX macros (HO)
Package: hopatch 2016/05/16 v1.3 Wrapper for package hooks (HO)
Package: xcolor-patch 2016/05/16 xcolor patch
Package: atveryend 2016/05/16 v1.9 Hooks at the very end of document (HO)
Package atveryend Info: \enddocument detected (standard20110627).
Package: atbegshi 2016/06/09 v1.18 At begin shipout hook (HO)
Package: refcount 2016/05/16 v3.5 Data extraction from label references (HO)
Package: hycolor 2016/05/16 v1.8 Color options for hyperref/bookmark (HO)
)
(/usr/local/texlive/2018/texmf-dist/tex/latex/oberdiek/auxhook.sty
Package: auxhook 2016/05/16 v1.4 Hooks for auxiliary files (HO)
)
(/usr/local/texlive/2018/texmf-dist/tex/latex/oberdiek/kvoptions.sty
Package: kvoptions 2016/05/16 v3.12 Key value format for package options (HO)
)
\@linkdim=\dimen117
\Hy@linkcounter=\count92
\Hy@pagecounter=\count93

(/usr/local/texlive/2018/texmf-dist/tex/latex/hyperref/pd1enc.def
File: pd1enc.def 2018/02/06 v6.86b Hyperref: PDFDocEncoding definition (HO)
Now handling font encoding PD1 ...
... no UTF-8 mapping file for font encoding PD1
)
\Hy@SavedSpaceFactor=\count94

(/usr/local/texlive/2018/texmf-dist/tex/latex/latexconfig/hyperref.cfg
File: hyperref.cfg 2002/06/06 v1.2 hyperref configuration of TeXLive
)
Package hyperref Info: Hyper figures OFF on input line 4509.
Package hyperref Info: Link nesting OFF on input line 4514.
Package hyperref Info: Hyper index ON on input line 4517.
Package hyperref Info: Plain pages OFF on input line 4524.
Package hyperref Info: Backreferencing OFF on input line 4529.
Package hyperref Info: Implicit mode ON; LaTeX internals redefined.
Package hyperref Info: Bookmarks ON on input line 4762.
\c@Hy@tempcnt=\count95

(/usr/local/texlive/2018/texmf-dist/tex/latex/url/url.sty
\Urlmuskip=\muskip10
Package: url 2013/09/16  ver 3.4  Verb mode for urls, etc.
)
LaTeX Info: Redefining \url on input line 5115.
\XeTeXLinkMargin=\dimen118
\Fld@menulength=\count96
\Field@Width=\dimen119
\Fld@charsize=\dimen120
Package hyperref Info: Hyper figures OFF on input line 6369.
Package hyperref Info: Link nesting OFF on input line 6374.
Package hyperref Info: Hyper index ON on input line 6377.
Package hyperref Info: backreferencing OFF on input line 6384.
Package hyperref Info: Link coloring OFF on input line 6389.
Package hyperref Info: Link coloring with OCG OFF on input line 6394.
Package hyperref Info: PDF/A mode OFF on input line 6399.
LaTeX Info: Redefining \ref on input line 6439.
LaTeX Info: Redefining \pageref on input line 6443.
\Hy@abspage=\count97
\c@Item=\count98
\c@Hfootnote=\count99
)
Package hyperref Info: Driver (autodetected): hpdftex.

(/usr/local/texlive/2018/texmf-dist/tex/latex/hyperref/hpdftex.def
File: hpdftex.def 2018/02/06 v6.86b Hyperref driver for pdfTeX
\Fld@listcount=\count100
\c@bookmark@seq@number=\count101

(/usr/local/texlive/2018/texmf-dist/tex/latex/oberdiek/rerunfilecheck.sty
Package: rerunfilecheck 2016/05/16 v1.8 Rerun checks for auxiliary files (HO)
Package uniquecounter Info: New unique counter `rerunfilecheck' on input line 2
82.
)
\Hy@SectionHShift=\skip44
)

Package hyperref Warning: Option `a4paper' is no longer used.


Package hyperref Warning: Option `ps2pdf' has already been used,
(hyperref)                setting the option has no effect on input line 57.

Package hyperref Info: Option `colorlinks' set `true' on input line 57.

Package hyperref Warning: Option `pagecolor' is not available anymore.

Package hyperref Info: Option `bookmarksnumbered' set `true' on input line 57.
(/usr/local/texlive/2018/texmf-dist/tex/latex/amsmath/amsmath.sty
Package: amsmath 2017/09/02 v2.17a AMS math features
\@mathmargin=\skip45

For additional information on amsmath, use the `?' option.
(/usr/local/texlive/2018/texmf-dist/tex/latex/amsmath/amstext.sty
Package: amstext 2000/06/29 v2.01 AMS text

(/usr/local/texlive/2018/texmf-dist/tex/latex/amsmath/amsgen.sty
File: amsgen.sty 1999/11/30 v2.0 generic functions
\@emptytoks=\toks16
\ex@=\dimen121
))
(/usr/local/texlive/2018/texmf-dist/tex/latex/amsmath/amsbsy.sty
Package: amsbsy 1999/11/29 v1.2d Bold Symbols
\pmbraise@=\dimen122
)
(/usr/local/texlive/2018/texmf-dist/tex/latex/amsmath/amsopn.sty
Package: amsopn 2016/03/08 v2.02 operator names
)
\inf@bad=\count102
LaTeX Info: Redefining \frac on input line 213.
\uproot@=\count103
\leftroot@=\count104
LaTeX Info: Redefining \overline on input line 375.
\classnum@=\count105
\DOTSCASE@=\count106
LaTeX Info: Redefining \ldots on input line 472.
LaTeX Info: Redefining \dots on input line 475.
LaTeX Info: Redefining \cdots on input line 596.
\Mathstrutbox@=\box26
\strutbox@=\box27
\big@size=\dimen123
LaTeX Font Info:    Redeclaring font encoding OML on input line 712.
LaTeX Font Info:    Redeclaring font encoding OMS on input line 713.
\macc@depth=\count107
\c@MaxMatrixCols=\count108
\dotsspace@=\muskip11
\c@parentequation=\count109
\dspbrk@lvl=\count110
\tag@help=\toks17
\row@=\count111
\column@=\count112
\maxfields@=\count113
\andhelp@=\toks18
\eqnshift@=\dimen124
\alignsep@=\dimen125
\tagshift@=\dimen126
\tagwidth@=\dimen127
\totwidth@=\dimen128
\lineht@=\dimen129
\@envbody=\toks19
\multlinegap=\skip46
\multlinetaggap=\skip47
\mathdisplay@stack=\toks20
LaTeX Info: Redefining \[ on input line 2817.
LaTeX Info: Redefining \] on input line 2818.
)
(/usr/local/texlive/2018/texmf-dist/tex/latex/amsfonts/amssymb.sty
Package: amssymb 2013/01/14 v3.01 AMS font symbols

(/usr/local/texlive/2018/texmf-dist/tex/latex/amsfonts/amsfonts.sty
Package: amsfonts 2013/01/14 v3.01 Basic AMSFonts support
\symAMSa=\mathgroup4
\symAMSb=\mathgroup5
LaTeX Font Info:    Overwriting math alphabet `\mathfrak' in version `bold'
(Font)                  U/euf/m/n --> U/euf/b/n on input line 106.
))
(/usr/local/texlive/2018/texmf-dist/tex/latex/psnfss/mathptmx.sty
Package: mathptmx 2005/04/12 PSNFSS-v9.2a Times w/ Math, improved (SPQR, WaS) 
LaTeX Font Info:    Redeclaring symbol font `operators' on input line 28.
LaTeX Font Info:    Overwriting symbol font `operators' in version `normal'
(Font)                  OT1/cmr/m/n --> OT1/ztmcm/m/n on input line 28.
LaTeX Font Info:    Overwriting symbol font `operators' in version `bold'
(Font)                  OT1/cmr/bx/n --> OT1/ztmcm/m/n on input line 28.
LaTeX Font Info:    Redeclaring symbol font `letters' on input line 29.
LaTeX Font Info:    Overwriting symbol font `letters' in version `normal'
(Font)                  OML/cmm/m/it --> OML/ztmcm/m/it on input line 29.
LaTeX Font Info:    Overwriting symbol font `letters' in version `bold'
(Font)                  OML/cmm/b/it --> OML/ztmcm/m/it on input line 29.
LaTeX Font Info:    Redeclaring symbol font `symbols' on input line 30.
LaTeX Font Info:    Overwriting symbol font `symbols' in version `normal'
(Font)                  OMS/cmsy/m/n --> OMS/ztmcm/m/n on input line 30.
LaTeX Font Info:    Overwriting symbol font `symbols' in version `bold'
(Font)                  OMS/cmsy/b/n --> OMS/ztmcm/m/n on input line 30.
LaTeX Font Info:    Redeclaring symbol font `largesymbols' on input line 31.
LaTeX Font Info:    Overwriting symbol font `largesymbols' in version `normal'
(Font)                  OMX/cmex/m/n --> OMX/ztmcm/m/n on input line 31.
LaTeX Font Info:    Overwriting symbol font `largesymbols' in version `bold'
(Font)                  OMX/cmex/m/n --> OMX/ztmcm/m/n on input line 31.
\symbold=\mathgroup6
\symitalic=\mathgroup7
LaTeX Font Info:    Redeclaring math alphabet \mathbf on input line 34.
LaTeX Font Info:    Overwriting math alphabet `\mathbf' in version `normal'
(Font)                  OT1/cmr/bx/n --> OT1/ptm/bx/n on input line 34.
LaTeX Font Info:    Overwriting math alphabet `\mathbf' in version `bold'
(Font)                  OT1/cmr/bx/n --> OT1/ptm/bx/n on input line 34.
LaTeX Font Info:    Redeclaring math alphabet \mathit on input line 35.
LaTeX Font Info:    Overwriting math alphabet `\mathit' in version `normal'
(Font)                  OT1/cmr/m/it --> OT1/ptm/m/it on input line 35.
LaTeX Font Info:    Overwriting math alphabet `\mathit' in version `bold'
(Font)                  OT1/cmr/bx/it --> OT1/ptm/m/it on input line 35.
LaTeX Info: Redefining \hbar on input line 50.
)
(/usr/local/texlive/2018/texmf-dist/tex/latex/psnfss/helvet.sty
Package: helvet 2005/04/12 PSNFSS-v9.2a (WaS) 
)
(/usr/local/texlive/2018/texmf-dist/tex/latex/psnfss/courier.sty
Package: courier 2005/04/12 PSNFSS-v9.2a (WaS) 
)
(/usr/local/texlive/2018/texmf-dist/tex/latex/type1cm/type1cm.sty
Package: type1cm 2002/09/05 v0.04 BlueSky/Y&Y Type1 CM font definitions (DPC, p
atched RF)
)
(/usr/local/texlive/2018/texmf-dist/tex/latex/base/makeidx.sty
Package: makeidx 2014/09/29 v1.0m Standard LaTeX package
)
(/usr/local/texlive/2018/texmf-dist/tex/latex/mathtools/mathtools.sty
Package: mathtools 2018/01/08 v1.21 mathematical typesetting tools

(/usr/local/texlive/2018/texmf-dist/tex/latex/tools/calc.sty
Package: calc 2017/05/25 v4.3 Infix arithmetic (KKT,FJ)
\calc@Acount=\count114
\calc@Bcount=\count115
\calc@Adimen=\dimen130
\calc@Bdimen=\dimen131
\calc@Askip=\skip48
\calc@Bskip=\skip49
LaTeX Info: Redefining \setlength on input line 80.
LaTeX Info: Redefining \addtolength on input line 81.
\calc@Ccount=\count116
\calc@Cskip=\skip50
)
(/usr/local/texlive/2018/texmf-dist/tex/latex/mathtools/mhsetup.sty
Package: mhsetup 2017/03/31 v1.3 programming setup (MH)
)
LaTeX Info: Thecontrolsequence`\('isalreadyrobust on input line 129.
LaTeX Info: Thecontrolsequence`\)'isalreadyrobust on input line 129.
LaTeX Info: Thecontrolsequence`\['isalreadyrobust on input line 129.
LaTeX Info: Thecontrolsequence`\]'isalreadyrobust on input line 129.
\g_MT_multlinerow_int=\count117
\l_MT_multwidth_dim=\dimen132
\origjot=\skip51
\l_MT_shortvdotswithinadjustabove_dim=\dimen133
\l_MT_shortvdotswithinadjustbelow_dim=\dimen134
\l_MT_above_intertext_sep=\dimen135
\l_MT_below_intertext_sep=\dimen136
\l_MT_above_shortintertext_sep=\dimen137
\l_MT_below_shortintertext_sep=\dimen138
)
\fmbox=\box28
\@indexfile=\write3
\openout3 = `StatisticsNotesVasishth-knitr.idx'.


Writing index file StatisticsNotesVasishth-knitr.idx
(/usr/local/texlive/2018/texmf-dist/tex/latex/upquote/upquote.sty
Package: upquote 2012/04/19 v1.3 upright-quote and grave-accent glyphs in verba
tim

(/usr/local/texlive/2018/texmf-dist/tex/latex/base/textcomp.sty
Package: textcomp 2017/04/05 v2.0i Standard LaTeX package
Package textcomp Info: Sub-encoding information:
(textcomp)               5 = only ISO-Adobe without \textcurrency
(textcomp)               4 = 5 + \texteuro
(textcomp)               3 = 4 + \textohm
(textcomp)               2 = 3 + \textestimated + \textcurrency
(textcomp)               1 = TS1 - \textcircled - \t
(textcomp)               0 = TS1 (full)
(textcomp)             Font families with sub-encoding setting implement
(textcomp)             only a restricted character set as indicated.
(textcomp)             Family '?' is the default used for unknown fonts.
(textcomp)             See the documentation for details.
Package textcomp Info: Setting ? sub-encoding to TS1/1 on input line 79.

(/usr/local/texlive/2018/texmf-dist/tex/latex/base/ts1enc.def
File: ts1enc.def 2001/06/05 v3.0e (jk/car/fm) Standard LaTeX file
Now handling font encoding TS1 ...
... processing UTF-8 mapping file for font encoding TS1

(/usr/local/texlive/2018/texmf-dist/tex/latex/base/ts1enc.dfu
File: ts1enc.dfu 2018/04/05 v1.2c UTF-8 support for inputenc
   defining Unicode char U+00A2 (decimal 162)
   defining Unicode char U+00A3 (decimal 163)
   defining Unicode char U+00A4 (decimal 164)
   defining Unicode char U+00A5 (decimal 165)
   defining Unicode char U+00A6 (decimal 166)
   defining Unicode char U+00A7 (decimal 167)
   defining Unicode char U+00A8 (decimal 168)
   defining Unicode char U+00A9 (decimal 169)
   defining Unicode char U+00AA (decimal 170)
   defining Unicode char U+00AC (decimal 172)
   defining Unicode char U+00AE (decimal 174)
   defining Unicode char U+00AF (decimal 175)
   defining Unicode char U+00B0 (decimal 176)
   defining Unicode char U+00B1 (decimal 177)
   defining Unicode char U+00B2 (decimal 178)
   defining Unicode char U+00B3 (decimal 179)
   defining Unicode char U+00B4 (decimal 180)
   defining Unicode char U+00B5 (decimal 181)
   defining Unicode char U+00B6 (decimal 182)
   defining Unicode char U+00B7 (decimal 183)
   defining Unicode char U+00B9 (decimal 185)
   defining Unicode char U+00BA (decimal 186)
   defining Unicode char U+00BC (decimal 188)
   defining Unicode char U+00BD (decimal 189)
   defining Unicode char U+00BE (decimal 190)
   defining Unicode char U+00D7 (decimal 215)
   defining Unicode char U+00F7 (decimal 247)
   defining Unicode char U+0192 (decimal 402)
   defining Unicode char U+02C7 (decimal 711)
   defining Unicode char U+02D8 (decimal 728)
   defining Unicode char U+02DD (decimal 733)
   defining Unicode char U+0E3F (decimal 3647)
   defining Unicode char U+2016 (decimal 8214)
   defining Unicode char U+2020 (decimal 8224)
   defining Unicode char U+2021 (decimal 8225)
   defining Unicode char U+2022 (decimal 8226)
   defining Unicode char U+2030 (decimal 8240)
   defining Unicode char U+2031 (decimal 8241)
   defining Unicode char U+203B (decimal 8251)
   defining Unicode char U+203D (decimal 8253)
   defining Unicode char U+2044 (decimal 8260)
   defining Unicode char U+204E (decimal 8270)
   defining Unicode char U+2052 (decimal 8274)
   defining Unicode char U+20A1 (decimal 8353)
   defining Unicode char U+20A4 (decimal 8356)
   defining Unicode char U+20A6 (decimal 8358)
   defining Unicode char U+20A9 (decimal 8361)
   defining Unicode char U+20AB (decimal 8363)
   defining Unicode char U+20AC (decimal 8364)
   defining Unicode char U+20B1 (decimal 8369)
   defining Unicode char U+2103 (decimal 8451)
   defining Unicode char U+2116 (decimal 8470)
   defining Unicode char U+2117 (decimal 8471)
   defining Unicode char U+211E (decimal 8478)
   defining Unicode char U+2120 (decimal 8480)
   defining Unicode char U+2122 (decimal 8482)
   defining Unicode char U+2126 (decimal 8486)
   defining Unicode char U+2127 (decimal 8487)
   defining Unicode char U+212E (decimal 8494)
   defining Unicode char U+2190 (decimal 8592)
   defining Unicode char U+2191 (decimal 8593)
   defining Unicode char U+2192 (decimal 8594)
   defining Unicode char U+2193 (decimal 8595)
   defining Unicode char U+2329 (decimal 9001)
   defining Unicode char U+232A (decimal 9002)
   defining Unicode char U+2422 (decimal 9250)
   defining Unicode char U+25E6 (decimal 9702)
   defining Unicode char U+25EF (decimal 9711)
   defining Unicode char U+266A (decimal 9834)
   defining Unicode char U+FEFF (decimal 65279)
))
LaTeX Info: Redefining \oldstylenums on input line 334.
Package textcomp Info: Setting cmr sub-encoding to TS1/0 on input line 349.
Package textcomp Info: Setting cmss sub-encoding to TS1/0 on input line 350.
Package textcomp Info: Setting cmtt sub-encoding to TS1/0 on input line 351.
Package textcomp Info: Setting cmvtt sub-encoding to TS1/0 on input line 352.
Package textcomp Info: Setting cmbr sub-encoding to TS1/0 on input line 353.
Package textcomp Info: Setting cmtl sub-encoding to TS1/0 on input line 354.
Package textcomp Info: Setting ccr sub-encoding to TS1/0 on input line 355.
Package textcomp Info: Setting ptm sub-encoding to TS1/4 on input line 356.
Package textcomp Info: Setting pcr sub-encoding to TS1/4 on input line 357.
Package textcomp Info: Setting phv sub-encoding to TS1/4 on input line 358.
Package textcomp Info: Setting ppl sub-encoding to TS1/3 on input line 359.
Package textcomp Info: Setting pag sub-encoding to TS1/4 on input line 360.
Package textcomp Info: Setting pbk sub-encoding to TS1/4 on input line 361.
Package textcomp Info: Setting pnc sub-encoding to TS1/4 on input line 362.
Package textcomp Info: Setting pzc sub-encoding to TS1/4 on input line 363.
Package textcomp Info: Setting bch sub-encoding to TS1/4 on input line 364.
Package textcomp Info: Setting put sub-encoding to TS1/5 on input line 365.
Package textcomp Info: Setting uag sub-encoding to TS1/5 on input line 366.
Package textcomp Info: Setting ugq sub-encoding to TS1/5 on input line 367.
Package textcomp Info: Setting ul8 sub-encoding to TS1/4 on input line 368.
Package textcomp Info: Setting ul9 sub-encoding to TS1/4 on input line 369.
Package textcomp Info: Setting augie sub-encoding to TS1/5 on input line 370.
Package textcomp Info: Setting dayrom sub-encoding to TS1/3 on input line 371.
Package textcomp Info: Setting dayroms sub-encoding to TS1/3 on input line 372.

Package textcomp Info: Setting pxr sub-encoding to TS1/0 on input line 373.
Package textcomp Info: Setting pxss sub-encoding to TS1/0 on input line 374.
Package textcomp Info: Setting pxtt sub-encoding to TS1/0 on input line 375.
Package textcomp Info: Setting txr sub-encoding to TS1/0 on input line 376.
Package textcomp Info: Setting txss sub-encoding to TS1/0 on input line 377.
Package textcomp Info: Setting txtt sub-encoding to TS1/0 on input line 378.
Package textcomp Info: Setting lmr sub-encoding to TS1/0 on input line 379.
Package textcomp Info: Setting lmdh sub-encoding to TS1/0 on input line 380.
Package textcomp Info: Setting lmss sub-encoding to TS1/0 on input line 381.
Package textcomp Info: Setting lmssq sub-encoding to TS1/0 on input line 382.
Package textcomp Info: Setting lmvtt sub-encoding to TS1/0 on input line 383.
Package textcomp Info: Setting lmtt sub-encoding to TS1/0 on input line 384.
Package textcomp Info: Setting qhv sub-encoding to TS1/0 on input line 385.
Package textcomp Info: Setting qag sub-encoding to TS1/0 on input line 386.
Package textcomp Info: Setting qbk sub-encoding to TS1/0 on input line 387.
Package textcomp Info: Setting qcr sub-encoding to TS1/0 on input line 388.
Package textcomp Info: Setting qcs sub-encoding to TS1/0 on input line 389.
Package textcomp Info: Setting qpl sub-encoding to TS1/0 on input line 390.
Package textcomp Info: Setting qtm sub-encoding to TS1/0 on input line 391.
Package textcomp Info: Setting qzc sub-encoding to TS1/0 on input line 392.
Package textcomp Info: Setting qhvc sub-encoding to TS1/0 on input line 393.
Package textcomp Info: Setting futs sub-encoding to TS1/4 on input line 394.
Package textcomp Info: Setting futx sub-encoding to TS1/4 on input line 395.
Package textcomp Info: Setting futj sub-encoding to TS1/4 on input line 396.
Package textcomp Info: Setting hlh sub-encoding to TS1/3 on input line 397.
Package textcomp Info: Setting hls sub-encoding to TS1/3 on input line 398.
Package textcomp Info: Setting hlst sub-encoding to TS1/3 on input line 399.
Package textcomp Info: Setting hlct sub-encoding to TS1/5 on input line 400.
Package textcomp Info: Setting hlx sub-encoding to TS1/5 on input line 401.
Package textcomp Info: Setting hlce sub-encoding to TS1/5 on input line 402.
Package textcomp Info: Setting hlcn sub-encoding to TS1/5 on input line 403.
Package textcomp Info: Setting hlcw sub-encoding to TS1/5 on input line 404.
Package textcomp Info: Setting hlcf sub-encoding to TS1/5 on input line 405.
Package textcomp Info: Setting pplx sub-encoding to TS1/3 on input line 406.
Package textcomp Info: Setting pplj sub-encoding to TS1/3 on input line 407.
Package textcomp Info: Setting ptmx sub-encoding to TS1/4 on input line 408.
Package textcomp Info: Setting ptmj sub-encoding to TS1/4 on input line 409.
))
(./StatisticsNotesVasishth-knitr.aux

LaTeX Warning: Label `matrixsum' multiply defined.


LaTeX Warning: Label `matrixsum' multiply defined.


LaTeX Warning: Label `matrixsum' multiply defined.


LaTeX Warning: Label `matrixsum' multiply defined.

)
\openout1 = `StatisticsNotesVasishth-knitr.aux'.

LaTeX Font Info:    Checking defaults for OML/cmm/m/it on input line 108.
LaTeX Font Info:    ... okay on input line 108.
LaTeX Font Info:    Checking defaults for T1/cmr/m/n on input line 108.
LaTeX Font Info:    ... okay on input line 108.
LaTeX Font Info:    Checking defaults for OT1/cmr/m/n on input line 108.
LaTeX Font Info:    ... okay on input line 108.
LaTeX Font Info:    Checking defaults for OMS/cmsy/m/n on input line 108.
LaTeX Font Info:    ... okay on input line 108.
LaTeX Font Info:    Checking defaults for OMX/cmex/m/n on input line 108.
LaTeX Font Info:    ... okay on input line 108.
LaTeX Font Info:    Checking defaults for U/cmr/m/n on input line 108.
LaTeX Font Info:    ... okay on input line 108.
LaTeX Font Info:    Checking defaults for PD1/pdf/m/n on input line 108.
LaTeX Font Info:    ... okay on input line 108.
LaTeX Font Info:    Checking defaults for TS1/cmr/m/n on input line 108.
LaTeX Font Info:    Try loading font information for TS1+cmr on input line 108.

 (/usr/local/texlive/2018/texmf-dist/tex/latex/base/ts1cmr.fd
File: ts1cmr.fd 2014/09/29 v2.5h Standard LaTeX font definitions
)
LaTeX Font Info:    ... okay on input line 108.
LaTeX Font Info:    Try loading font information for OT1+ptm on input line 108.


(/usr/local/texlive/2018/texmf-dist/tex/latex/psnfss/ot1ptm.fd
File: ot1ptm.fd 2001/06/04 font definitions for OT1/ptm.
)
(/usr/local/texlive/2018/texmf-dist/tex/context/base/mkii/supp-pdf.mkii
[Loading MPS to PDF converter (version 2006.09.02).]
\scratchcounter=\count118
\scratchdimen=\dimen139
\scratchbox=\box29
\nofMPsegments=\count119
\nofMParguments=\count120
\everyMPshowfont=\toks21
\MPscratchCnt=\count121
\MPscratchDim=\dimen140
\MPnumerator=\count122
\makeMPintoPDFobject=\count123
\everyMPtoPDFconversion=\toks22
) (/usr/local/texlive/2018/texmf-dist/tex/latex/oberdiek/epstopdf-base.sty
Package: epstopdf-base 2016/05/15 v2.6 Base part for package epstopdf

(/usr/local/texlive/2018/texmf-dist/tex/latex/oberdiek/grfext.sty
Package: grfext 2016/05/16 v1.2 Manage graphics extensions (HO)
)
Package epstopdf-base Info: Redefining graphics rule for `.eps' on input line 4
38.
Package grfext Info: Graphics extension search list:
(grfext)             [.pdf,.png,.jpg,.mps,.jpeg,.jbig2,.jb2,.PDF,.PNG,.JPG,.JPE
G,.JBIG2,.JB2,.eps]
(grfext)             \AppendGraphicsExtensions on input line 456.

(/usr/local/texlive/2018/texmf-dist/tex/latex/latexconfig/epstopdf-sys.cfg
File: epstopdf-sys.cfg 2010/07/13 v1.3 Configuration of (r)epstopdf for TeX Liv
e
))
*geometry* driver: auto-detecting
*geometry* detected driver: pdftex
*geometry* verbose mode - [ preamble ] result:
* driver: pdftex
* paper: <default>
* layout: <same size as paper>
* layoutoffset:(h,v)=(0.0pt,0.0pt)
* modes: twoside 
* h-part:(L,W,R)=(56.9055pt, 500.484pt, 56.9055pt)
* v-part:(T,H,B)=(56.9055pt, 681.15898pt, 56.9055pt)
* \paperwidth=614.295pt
* \paperheight=794.96999pt
* \textwidth=500.484pt
* \textheight=681.15898pt
* \oddsidemargin=-15.36449pt
* \evensidemargin=-15.36449pt
* \topmargin=-41.59085pt
* \headheight=12.0pt
* \headsep=14.22636pt
* \topskip=12.0pt
* \footskip=30.0pt
* \marginparwidth=98.0pt
* \marginparsep=7.0pt
* \columnsep=10.0pt
* \skip\footins=10.8pt plus 4.0pt minus 2.0pt
* \hoffset=0.0pt
* \voffset=0.0pt
* \mag=1000
* \@twocolumnfalse
* \@twosidetrue
* \@mparswitchtrue
* \@reversemarginfalse
* (1in=72.27pt=25.4mm, 1cm=28.453pt)

\AtBeginShipoutBox=\box30
Package hyperref Info: Link coloring ON on input line 108.
(/usr/local/texlive/2018/texmf-dist/tex/latex/hyperref/nameref.sty
Package: nameref 2016/05/21 v2.44 Cross-referencing by name of section

(/usr/local/texlive/2018/texmf-dist/tex/generic/oberdiek/gettitlestring.sty
Package: gettitlestring 2016/05/16 v1.5 Cleanup title references (HO)
)
\c@section@level=\count124
)
LaTeX Info: Redefining \ref on input line 108.
LaTeX Info: Redefining \pageref on input line 108.
LaTeX Info: Redefining \nameref on input line 108.

(./StatisticsNotesVasishth-knitr.out) (./StatisticsNotesVasishth-knitr.out)
\@outlinefile=\write4
\openout4 = `StatisticsNotesVasishth-knitr.out'.

LaTeX Font Info:    Try loading font information for OT1+ztmcm on input line 11
5.

(/usr/local/texlive/2018/texmf-dist/tex/latex/psnfss/ot1ztmcm.fd
File: ot1ztmcm.fd 2000/01/03 Fontinst v1.801 font definitions for OT1/ztmcm.
)
LaTeX Font Info:    Try loading font information for OML+ztmcm on input line 11
5.

(/usr/local/texlive/2018/texmf-dist/tex/latex/psnfss/omlztmcm.fd
File: omlztmcm.fd 2000/01/03 Fontinst v1.801 font definitions for OML/ztmcm.
)
LaTeX Font Info:    Try loading font information for OMS+ztmcm on input line 11
5.

(/usr/local/texlive/2018/texmf-dist/tex/latex/psnfss/omsztmcm.fd
File: omsztmcm.fd 2000/01/03 Fontinst v1.801 font definitions for OMS/ztmcm.
)
LaTeX Font Info:    Try loading font information for OMX+ztmcm on input line 11
5.

(/usr/local/texlive/2018/texmf-dist/tex/latex/psnfss/omxztmcm.fd
File: omxztmcm.fd 2000/01/03 Fontinst v1.801 font definitions for OMX/ztmcm.
)
LaTeX Font Info:    Font shape `OT1/ptm/bx/n' in size <14.4> not available
(Font)              Font shape `OT1/ptm/b/n' tried instead on input line 115.
LaTeX Font Info:    Font shape `OT1/ptm/bx/n' in size <10.95> not available
(Font)              Font shape `OT1/ptm/b/n' tried instead on input line 115.
LaTeX Font Info:    Font shape `OT1/ptm/bx/n' in size <8> not available
(Font)              Font shape `OT1/ptm/b/n' tried instead on input line 115.
 [1


{/usr/local/texlive/2018/texmf-var/fonts/map/pdftex/updmap/pdftex.map}] [2

]
LaTeX Font Info:    Font shape `OT1/ptm/bx/n' in size <24.88> not available
(Font)              Font shape `OT1/ptm/b/n' tried instead on input line 118.

(./StatisticsNotesVasishth-knitr.toc
LaTeX Font Info:    Font shape `OT1/ptm/bx/n' in size <12> not available
(Font)              Font shape `OT1/ptm/b/n' tried instead on input line 1.
LaTeX Font Info:    Font shape `OT1/ptm/bx/n' in size <9> not available
(Font)              Font shape `OT1/ptm/b/n' tried instead on input line 2.
LaTeX Font Info:    Font shape `OT1/ptm/bx/n' in size <7> not available
(Font)              Font shape `OT1/ptm/b/n' tried instead on input line 2.
 [1

])
\tf@toc=\write5
\openout5 = `StatisticsNotesVasishth-knitr.toc'.

 [2]
Chapter 1.
LaTeX Font Info:    Try loading font information for TS1+ptm on input line 138.

(/usr/local/texlive/2018/texmf-dist/tex/latex/psnfss/ts1ptm.fd
File: ts1ptm.fd 2001/06/04 font definitions for TS1/ptm.
)
LaTeX Font Info:    Font shape `OT1/ptm/bx/n' in size <17.28> not available
(Font)              Font shape `OT1/ptm/b/n' tried instead on input line 148.
pdfTeX warning (ext4): destination with the same identifier (name{page.1}) has 
been already used, duplicate ignored
<to be read again> 
                   \relax 
l.151 
       [1


]pdfTeX warning (ext4): destination with the same identifier (name{page.2}) has
 been already used, duplicate ignored
<to be read again> 
                   \relax 
l.233 \item[c]
               [2] [3] [4]
Chapter 2.
[5

]
Package color Info: Redefining color shadecolor on input line 363.
LaTeX Font Info:    Try loading font information for OT1+pcr on input line 364.

 (/usr/local/texlive/2018/texmf-dist/tex/latex/psnfss/ot1pcr.fd
File: ot1pcr.fd 2001/06/04 font definitions for OT1/pcr.
)
LaTeX Font Info:    Font shape `OT1/pcr/bx/n' in size <12> not available
(Font)              Font shape `OT1/pcr/b/n' tried instead on input line 365.

Overfull \hbox (17.91579pt too wide) in paragraph at lines 370--370
[]\OT1/pcr/m/n/12 ## [1]  0.5446905  0.3039760  0.3630976 -0.7654192 -0.4456920
 -1.6158883[] 
 []

Package color Info: Redefining color shadecolor on input line 382.
LaTeX Font Info:    Font shape `OT1/pcr/m/it' in size <12> not available
(Font)              Font shape `OT1/pcr/m/sl' tried instead on input line 384.
<figure/unnamed-chunk-4-1.pdf, id=269, 505.89pt x 289.08pt>
File: figure/unnamed-chunk-4-1.pdf Graphic file (type pdf)
<use figure/unnamed-chunk-4-1.pdf>
Package pdftex.def Info: figure/unnamed-chunk-4-1.pdf  used on input line 388.
(pdftex.def)             Requested size: 500.484pt x 285.99599pt.
Package color Info: Redefining color shadecolor on input line 411.
LaTeX Font Info:    Try loading font information for OMS+pcr on input line 414.

(/usr/local/texlive/2018/texmf-dist/tex/latex/psnfss/omspcr.fd
File: omspcr.fd 
)
LaTeX Font Info:    Font shape `OMS/pcr/m/n' in size <12> not available
(Font)              Font shape `OMS/cmsy/m/n' tried instead on input line 414.
 [6] [7 <./figure/unnamed-chunk-4-1.pdf>]
Package color Info: Redefining color shadecolor on input line 430.
<figure/unnamed-chunk-6-1.pdf, id=289, 505.89pt x 289.08pt>
File: figure/unnamed-chunk-6-1.pdf Graphic file (type pdf)
<use figure/unnamed-chunk-6-1.pdf>
Package pdftex.def Info: figure/unnamed-chunk-6-1.pdf  used on input line 431.
(pdftex.def)             Requested size: 500.484pt x 285.99599pt.
Package color Info: Redefining color shadecolor on input line 440.
<figure/unnamed-chunk-7-1.pdf, id=290, 505.89pt x 289.08pt>
File: figure/unnamed-chunk-7-1.pdf Graphic file (type pdf)
<use figure/unnamed-chunk-7-1.pdf>
Package pdftex.def Info: figure/unnamed-chunk-7-1.pdf  used on input line 447.
(pdftex.def)             Requested size: 500.484pt x 285.99599pt.

Overfull \hbox (17.62482pt too wide) in paragraph at lines 447--448
[][] 
 []


Underfull \vbox (badness 7522) has occurred while \output is active []

 [8 <./figure/unnamed-chunk-6-1.pdf>]
Package color Info: Redefining color shadecolor on input line 454.
Package color Info: Redefining color shadecolor on input line 467.
Package color Info: Redefining color shadecolor on input line 494.
<figure/unnamed-chunk-10-1.pdf, id=303, 867.24pt x 289.08pt>
File: figure/unnamed-chunk-10-1.pdf Graphic file (type pdf)
<use figure/unnamed-chunk-10-1.pdf>
Package pdftex.def Info: figure/unnamed-chunk-10-1.pdf  used on input line 495.

(pdftex.def)             Requested size: 500.484pt x 166.82841pt.
 [9 <./figure/unnamed-chunk-7-1.pdf>]
Package color Info: Redefining color shadecolor on input line 505.
 [10 <./figure/unnamed-chunk-10-1.pdf>]
Package color Info: Redefining color shadecolor on input line 559.
Package color Info: Redefining color shadecolor on input line 583.
<figure/unnamed-chunk-13-1.pdf, id=327, 505.89pt x 289.08pt>
File: figure/unnamed-chunk-13-1.pdf Graphic file (type pdf)
<use figure/unnamed-chunk-13-1.pdf>
Package pdftex.def Info: figure/unnamed-chunk-13-1.pdf  used on input line 596.

(pdftex.def)             Requested size: 500.484pt x 285.99599pt.

Overfull \hbox (17.62482pt too wide) in paragraph at lines 596--597
[][] 
 []

[11]
Package color Info: Redefining color shadecolor on input line 617.
Package color Info: Redefining color shadecolor on input line 632.
Package color Info: Redefining color shadecolor on input line 657.
<figure/unnamed-chunk-16-1.pdf, id=335, 505.89pt x 289.08pt>
File: figure/unnamed-chunk-16-1.pdf Graphic file (type pdf)
<use figure/unnamed-chunk-16-1.pdf>
Package pdftex.def Info: figure/unnamed-chunk-16-1.pdf  used on input line 658.

(pdftex.def)             Requested size: 500.484pt x 285.99599pt.
 [12 <./figure/unnamed-chunk-13-1.pdf>]
Package color Info: Redefining color shadecolor on input line 671.
Package color Info: Redefining color shadecolor on input line 684.
Package color Info: Redefining color shadecolor on input line 704.
<figure/unnamed-chunk-19-1.pdf, id=348, 505.89pt x 289.08pt>
File: figure/unnamed-chunk-19-1.pdf Graphic file (type pdf)
<use figure/unnamed-chunk-19-1.pdf>
Package pdftex.def Info: figure/unnamed-chunk-19-1.pdf  used on input line 705.

(pdftex.def)             Requested size: 500.484pt x 285.99599pt.
 [13 <./figure/unnamed-chunk-16-1.pdf>]
Package color Info: Redefining color shadecolor on input line 740.
 [14 <./figure/unnamed-chunk-19-1.pdf>]
Package color Info: Redefining color shadecolor on input line 795.
<figure/unnamed-chunk-21-1.pdf, id=375, 505.89pt x 289.08pt>
File: figure/unnamed-chunk-21-1.pdf Graphic file (type pdf)
<use figure/unnamed-chunk-21-1.pdf>
Package pdftex.def Info: figure/unnamed-chunk-21-1.pdf  used on input line 796.

(pdftex.def)             Requested size: 500.484pt x 285.99599pt.
 [15 <./figure/unnamed-chunk-21-1.pdf>]
Package color Info: Redefining color shadecolor on input line 831.
<figure/unnamed-chunk-22-1.pdf, id=390, 505.89pt x 289.08pt>
File: figure/unnamed-chunk-22-1.pdf Graphic file (type pdf)
<use figure/unnamed-chunk-22-1.pdf>
Package pdftex.def Info: figure/unnamed-chunk-22-1.pdf  used on input line 832.

(pdftex.def)             Requested size: 500.484pt x 285.99599pt.
LaTeX Font Info:    Font shape `OT1/ptm/bx/n' in size <10> not available
(Font)              Font shape `OT1/ptm/b/n' tried instead on input line 838.


Package hyperref Warning: Token not allowed in a PDF string (PDFDocEncoding):
(hyperref)                removing `math shift' on input line 838.


Package hyperref Warning: Token not allowed in a PDF string (PDFDocEncoding):
(hyperref)                removing `\sigma' on input line 838.


Package hyperref Warning: Token not allowed in a PDF string (PDFDocEncoding):
(hyperref)                removing `math shift' on input line 838.


Package hyperref Warning: Token not allowed in a PDF string (PDFDocEncoding):
(hyperref)                removing `math shift' on input line 838.


Package hyperref Warning: Token not allowed in a PDF string (PDFDocEncoding):
(hyperref)                removing `\sigma' on input line 838.


Package hyperref Warning: Token not allowed in a PDF string (PDFDocEncoding):
(hyperref)                removing `subscript' on input line 838.


Package hyperref Warning: Token not allowed in a PDF string (PDFDocEncoding):
(hyperref)                removing `math shift' on input line 838.

[16 <./figure/unnamed-chunk-22-1.pdf>]
Package color Info: Redefining color shadecolor on input line 867.
Package color Info: Redefining color shadecolor on input line 884.
Package color Info: Redefining color shadecolor on input line 923.
 [17]

Package hyperref Warning: Token not allowed in a PDF string (PDFDocEncoding):
(hyperref)                removing `math shift' on input line 977.


Package hyperref Warning: Token not allowed in a PDF string (PDFDocEncoding):
(hyperref)                removing `superscript' on input line 977.


Package hyperref Warning: Token not allowed in a PDF string (PDFDocEncoding):
(hyperref)                removing `math shift' on input line 977.


Package hyperref Warning: Token not allowed in a PDF string (PDFDocEncoding):
(hyperref)                removing `math shift' on input line 977.


Package hyperref Warning: Token not allowed in a PDF string (PDFDocEncoding):
(hyperref)                removing `\sigma' on input line 977.


Package hyperref Warning: Token not allowed in a PDF string (PDFDocEncoding):
(hyperref)                removing `superscript' on input line 977.


Package hyperref Warning: Token not allowed in a PDF string (PDFDocEncoding):
(hyperref)                removing `math shift' on input line 977.

Package color Info: Redefining color shadecolor on input line 994.
<figure/unnamed-chunk-26-1.pdf, id=411, 505.89pt x 289.08pt>
File: figure/unnamed-chunk-26-1.pdf Graphic file (type pdf)
<use figure/unnamed-chunk-26-1.pdf>
Package pdftex.def Info: figure/unnamed-chunk-26-1.pdf  used on input line 995.

(pdftex.def)             Requested size: 500.484pt x 285.99599pt.
Package color Info: Redefining color shadecolor on input line 1012.
<figure/unnamed-chunk-27-1.pdf, id=414, 505.89pt x 289.08pt>
File: figure/unnamed-chunk-27-1.pdf Graphic file (type pdf)
<use figure/unnamed-chunk-27-1.pdf>
Package pdftex.def Info: figure/unnamed-chunk-27-1.pdf  used on input line 1013
.
(pdftex.def)             Requested size: 500.484pt x 285.99599pt.
[18] [19 <./figure/unnamed-chunk-26-1.pdf> <./figure/unnamed-chunk-27-1.pdf>]
Package color Info: Redefining color shadecolor on input line 1050.
<figure/unnamed-chunk-28-1.pdf, id=442, 505.89pt x 433.62pt>
File: figure/unnamed-chunk-28-1.pdf Graphic file (type pdf)
<use figure/unnamed-chunk-28-1.pdf>
Package pdftex.def Info: figure/unnamed-chunk-28-1.pdf  used on input line 1051
.
(pdftex.def)             Requested size: 500.484pt x 428.994pt.

[20] [21 <./figure/unnamed-chunk-28-1.pdf>]
Package color Info: Redefining color shadecolor on input line 1098.
Package color Info: Redefining color shadecolor on input line 1115.
Package color Info: Redefining color shadecolor on input line 1133.
Package color Info: Redefining color shadecolor on input line 1141.
 [22]
LaTeX Font Info:    Font shape `OT1/ptm/bx/n' in size <7.4> not available
(Font)              Font shape `OT1/ptm/b/n' tried instead on input line 1179.
LaTeX Font Info:    Font shape `OT1/ptm/bx/n' in size <6> not available
(Font)              Font shape `OT1/ptm/b/n' tried instead on input line 1179.
Package color Info: Redefining color shadecolor on input line 1182.
Package color Info: Redefining color shadecolor on input line 1208.
 [23]
Package color Info: Redefining color shadecolor on input line 1262.
 [24]
Package color Info: Redefining color shadecolor on input line 1306.
<figure/unnamed-chunk-36-1.pdf, id=482, 505.89pt x 289.08pt>
File: figure/unnamed-chunk-36-1.pdf Graphic file (type pdf)
<use figure/unnamed-chunk-36-1.pdf>
Package pdftex.def Info: figure/unnamed-chunk-36-1.pdf  used on input line 1307
.
(pdftex.def)             Requested size: 500.484pt x 285.99599pt.
 [25 <./figure/unnamed-chunk-36-1.pdf>]
Package color Info: Redefining color shadecolor on input line 1352.
Package color Info: Redefining color shadecolor on input line 1381.
<figure/unnamed-chunk-38-1.pdf, id=498, 722.7pt x 289.08pt>
File: figure/unnamed-chunk-38-1.pdf Graphic file (type pdf)
<use figure/unnamed-chunk-38-1.pdf>
Package pdftex.def Info: figure/unnamed-chunk-38-1.pdf  used on input line 1382
.
(pdftex.def)             Requested size: 500.484pt x 200.19322pt.
 [26] [27 <./figure/unnamed-chunk-38-1.pdf>]
Package color Info: Redefining color shadecolor on input line 1471.
Package color Info: Redefining color shadecolor on input line 1489.
<figure/unnamed-chunk-40-1.pdf, id=524, 505.89pt x 289.08pt>
File: figure/unnamed-chunk-40-1.pdf Graphic file (type pdf)
<use figure/unnamed-chunk-40-1.pdf>
Package pdftex.def Info: figure/unnamed-chunk-40-1.pdf  used on input line 1490
.
(pdftex.def)             Requested size: 500.484pt x 285.99599pt.
Package color Info: Redefining color shadecolor on input line 1502.
Package color Info: Redefining color shadecolor on input line 1510.
 [28] [29 <./figure/unnamed-chunk-40-1.pdf>] [30]
Package color Info: Redefining color shadecolor on input line 1641.
<figure/unnamed-chunk-43-1.pdf, id=554, 361.35pt x 361.35pt>
File: figure/unnamed-chunk-43-1.pdf Graphic file (type pdf)
<use figure/unnamed-chunk-43-1.pdf>
Package pdftex.def Info: figure/unnamed-chunk-43-1.pdf  used on input line 1642
.
(pdftex.def)             Requested size: 361.34912pt x 361.34912pt.
 [31] [32 <./figure/unnamed-chunk-43-1.pdf>]
Package color Info: Redefining color shadecolor on input line 1655.
Package color Info: Redefining color shadecolor on input line 1675.
Package color Info: Redefining color shadecolor on input line 1694.
Package color Info: Redefining color shadecolor on input line 1707.
Package color Info: Redefining color shadecolor on input line 1729.

[33] [34]
Package color Info: Redefining color shadecolor on input line 1797.
Package color Info: Redefining color shadecolor on input line 1829.
 [35]

Package hyperref Warning: Token not allowed in a PDF string (PDFDocEncoding):
(hyperref)                removing `math shift' on input line 1891.


Package hyperref Warning: Token not allowed in a PDF string (PDFDocEncoding):
(hyperref)                removing `subscript' on input line 1891.


Package hyperref Warning: Token not allowed in a PDF string (PDFDocEncoding):
(hyperref)                removing `math shift' on input line 1891.

[36]
Package color Info: Redefining color shadecolor on input line 1931.
Package color Info: Redefining color shadecolor on input line 1948.


LaTeX Warning: Reference `fig:diff' on page 37 undefined on input line 1965.

Package color Info: Redefining color shadecolor on input line 1980.
<figure/unnamed-chunk-53-1.pdf, id=600, 505.89pt x 289.08pt>
File: figure/unnamed-chunk-53-1.pdf Graphic file (type pdf)
<use figure/unnamed-chunk-53-1.pdf>
Package pdftex.def Info: figure/unnamed-chunk-53-1.pdf  used on input line 1981
.
(pdftex.def)             Requested size: 500.484pt x 285.99599pt.
Package color Info: Redefining color shadecolor on input line 1998.
[37] [38 <./figure/unnamed-chunk-53-1.pdf>]
Package color Info: Redefining color shadecolor on input line 2060.
 [39] [40

]
Chapter 3.
[41]
Package color Info: Redefining color shadecolor on input line 2178.

Overfull \hbox (80.3158pt too wide) in paragraph at lines 2207--2207
[][]\OT1/pcr/b/n/12 if[][]\OT1/pcr/m/n/12 (show.legend[][]==[][]TRUE[][])\OMS/c
msy/m/n/12 f[][]\OT1/pcr/b/n/12 legend[][]\OT1/pcr/m/n/12 ([][]2[][],[][]0.3[][
],[] []legend[][]=[][]"Type I error"[][],[][]fill[][]=gray.level,[][]cex[][]=[]
[]1[][])\OMS/cmsy/m/n/12 g[][] 
 []

[42]
Package color Info: Redefining color shadecolor on input line 2219.

Overfull \hbox (17.91579pt too wide) in paragraph at lines 2250--2250
[]    []\OT1/pcr/b/n/12 polygon[][]\OT1/pcr/m/n/12 ([][]\OT1/pcr/b/n/12 c[][]\O
T1/pcr/m/n/12 (x1,[] []\OT1/pcr/b/n/12 rev[][]\OT1/pcr/m/n/12 (x1)),[] []\OT1/p
cr/b/n/12 c[][]\OT1/pcr/m/n/12 ([][]\OT1/pcr/b/n/12 rep[][]\OT1/pcr/m/n/12 ([][
]0[][],[] []\OT1/pcr/b/n/12 length[][]\OT1/pcr/m/n/12 (x1)),[] []\OT1/pcr/b/n/1
2 rev[][]\OT1/pcr/m/n/12 (y1)),[] []col[] []= gray1)[][] 
 []


Overfull \hbox (17.91579pt too wide) in paragraph at lines 2254--2254
[]    []\OT1/pcr/b/n/12 polygon[][]\OT1/pcr/m/n/12 ([][]\OT1/pcr/b/n/12 c[][]\O
T1/pcr/m/n/12 (x1,[] []\OT1/pcr/b/n/12 rev[][]\OT1/pcr/m/n/12 (x1)),[] []\OT1/p
cr/b/n/12 c[][]\OT1/pcr/m/n/12 ([][]\OT1/pcr/b/n/12 rep[][]\OT1/pcr/m/n/12 ([][
]0[][],[] []\OT1/pcr/b/n/12 length[][]\OT1/pcr/m/n/12 (x1)),[] []\OT1/pcr/b/n/1
2 rev[][]\OT1/pcr/m/n/12 (y1)),[] []col[] []= gray1)[][] 
 []

[43]
Package color Info: Redefining color shadecolor on input line 2268.
 [44]
Package color Info: Redefining color shadecolor on input line 2314.
<figure/unnamed-chunk-60-1.pdf, id=656, 505.89pt x 289.08pt>
File: figure/unnamed-chunk-60-1.pdf Graphic file (type pdf)
<use figure/unnamed-chunk-60-1.pdf>
Package pdftex.def Info: figure/unnamed-chunk-60-1.pdf  used on input line 2315
.
(pdftex.def)             Requested size: 500.484pt x 285.99599pt.
Package color Info: Redefining color shadecolor on input line 2340.
<figure/unnamed-chunk-61-1.pdf, id=658, 505.89pt x 289.08pt>
File: figure/unnamed-chunk-61-1.pdf Graphic file (type pdf)
<use figure/unnamed-chunk-61-1.pdf>
Package pdftex.def Info: figure/unnamed-chunk-61-1.pdf  used on input line 2341
.
(pdftex.def)             Requested size: 500.484pt x 285.99599pt.

Overfull \hbox (2.86047pt too wide) in paragraph at lines 2349--2353
[]\OT1/ptm/m/n/12 Figure [][]3.2[][] shows the distribu-tion cor-re-spond-ing t
o the null hy-poth-e-sis over-laid with the \OT1/ptm/m/it/12 ac-tual \OT1/ptm/m
/n/12 distribu-
 []

[45 <./figure/unnamed-chunk-60-1.pdf>]
Package color Info: Redefining color shadecolor on input line 2362.
<figure/unnamed-chunk-62-1.pdf, id=672, 505.89pt x 289.08pt>
File: figure/unnamed-chunk-62-1.pdf Graphic file (type pdf)
<use figure/unnamed-chunk-62-1.pdf>
Package pdftex.def Info: figure/unnamed-chunk-62-1.pdf  used on input line 2363
.
(pdftex.def)             Requested size: 500.484pt x 285.99599pt.
Package color Info: Redefining color shadecolor on input line 2383.
<figure/unnamed-chunk-63-1.pdf, id=675, 505.89pt x 289.08pt>
File: figure/unnamed-chunk-63-1.pdf Graphic file (type pdf)
<use figure/unnamed-chunk-63-1.pdf>
Package pdftex.def Info: figure/unnamed-chunk-63-1.pdf  used on input line 2384
.
(pdftex.def)             Requested size: 500.484pt x 285.99599pt.
Package color Info: Redefining color shadecolor on input line 2401.
<figure/unnamed-chunk-64-1.pdf, id=679, 505.89pt x 289.08pt>
File: figure/unnamed-chunk-64-1.pdf Graphic file (type pdf)
<use figure/unnamed-chunk-64-1.pdf>
Package pdftex.def Info: figure/unnamed-chunk-64-1.pdf  used on input line 2402
.
(pdftex.def)             Requested size: 500.484pt x 285.99599pt.
Package color Info: Redefining color shadecolor on input line 2418.
<figure/unnamed-chunk-65-1.pdf, id=683, 505.89pt x 289.08pt>
File: figure/unnamed-chunk-65-1.pdf Graphic file (type pdf)
<use figure/unnamed-chunk-65-1.pdf>
Package pdftex.def Info: figure/unnamed-chunk-65-1.pdf  used on input line 2419
.
(pdftex.def)             Requested size: 500.484pt x 285.99599pt.
 [46 <./figure/unnamed-chunk-61-1.pdf>]
[47 <./figure/unnamed-chunk-62-1.pdf> <./figure/unnamed-chunk-63-1.pdf>]
[48 <./figure/unnamed-chunk-64-1.pdf> <./figure/unnamed-chunk-65-1.pdf>]
[49]
Package color Info: Redefining color shadecolor on input line 2507.

Overfull \hbox (53.91577pt too wide) in paragraph at lines 2527--2527
[]\OT1/pcr/m/n/12 ## NOTE: n is number of *pairs*, sd is std.dev. of *differenc
es* within pairs[] 
 []

Package color Info: Redefining color shadecolor on input line 2538.
[50]
Package color Info: Redefining color shadecolor on input line 2558.
<figure/unnamed-chunk-68-1.pdf, id=746, 361.35pt x 361.35pt>
File: figure/unnamed-chunk-68-1.pdf Graphic file (type pdf)
<use figure/unnamed-chunk-68-1.pdf>
Package pdftex.def Info: figure/unnamed-chunk-68-1.pdf  used on input line 2586
.
(pdftex.def)             Requested size: 361.34912pt x 361.34912pt.

Underfull \vbox (badness 10000) has occurred while \output is active []

 [51]
[52 <./figure/unnamed-chunk-68-1.pdf>]
Package color Info: Redefining color shadecolor on input line 2697.
 [53]
Package color Info: Redefining color shadecolor on input line 2722.
Package color Info: Redefining color shadecolor on input line 2741.
Package color Info: Redefining color shadecolor on input line 2770.
 [54]
Package color Info: Redefining color shadecolor on input line 2811.

Overfull \hbox (59.91579pt too wide) in paragraph at lines 2813--2814
[][]\OT1/pcr/b/n/12 hist[][]\OT1/pcr/m/n/12 (tstat_standard,[][]main[][]=[][]"T
he t-distributions for the standard case (white) \OMS/cmsy/m/n/12 n\OT1/pcr/m/n
/12 n[] 
 []

<figure/unnamed-chunk-73-1.pdf, id=781, 505.89pt x 289.08pt>
File: figure/unnamed-chunk-73-1.pdf Graphic file (type pdf)
<use figure/unnamed-chunk-73-1.pdf>
Package pdftex.def Info: figure/unnamed-chunk-73-1.pdf  used on input line 2818
.
(pdftex.def)             Requested size: 500.484pt x 285.99599pt.

Overfull \hbox (17.62482pt too wide) in paragraph at lines 2818--2819
[][] 
 []


Underfull \vbox (badness 10000) has occurred while \output is active []

 [55]
[56 <./figure/unnamed-chunk-73-1.pdf>]
Chapter 4.
Package color Info: Redefining color shadecolor on input line 2873.
[57

]
Package color Info: Redefining color shadecolor on input line 2895.
Package color Info: Redefining color shadecolor on input line 2953.
 [58]
LaTeX Font Info:    Try loading font information for TS1+pcr on input line 2974
.
 (/usr/local/texlive/2018/texmf-dist/tex/latex/psnfss/ts1pcr.fd
File: ts1pcr.fd 2001/06/04 font definitions for TS1/pcr.
)
Package color Info: Redefining color shadecolor on input line 2981.
Package color Info: Redefining color shadecolor on input line 3014.

[59]
Package color Info: Redefining color shadecolor on input line 3044.
<figure/unnamed-chunk-80-1.pdf, id=829, 361.35pt x 361.35pt>
File: figure/unnamed-chunk-80-1.pdf Graphic file (type pdf)
<use figure/unnamed-chunk-80-1.pdf>
Package pdftex.def Info: figure/unnamed-chunk-80-1.pdf  used on input line 3054
.
(pdftex.def)             Requested size: 361.34912pt x 361.34912pt.
 [60 <./figure/unnamed-chunk-80-1.pdf>]
Package color Info: Redefining color shadecolor on input line 3077.
Package color Info: Redefining color shadecolor on input line 3093.
Package color Info: Redefining color shadecolor on input line 3116.
 [61]
Package color Info: Redefining color shadecolor on input line 3146.
Package color Info: Redefining color shadecolor on input line 3185.
Package color Info: Redefining color shadecolor on input line 3196.
 [62]
Package color Info: Redefining color shadecolor on input line 3227.
Package color Info: Redefining color shadecolor on input line 3256.
 [63]
Package color Info: Redefining color shadecolor on input line 3271.
Package color Info: Redefining color shadecolor on input line 3304.
Package color Info: Redefining color shadecolor on input line 3318.
<figure/unnamed-chunk-91-1.pdf, id=860, 505.89pt x 289.08pt>
File: figure/unnamed-chunk-91-1.pdf Graphic file (type pdf)
<use figure/unnamed-chunk-91-1.pdf>
Package pdftex.def Info: figure/unnamed-chunk-91-1.pdf  used on input line 3324
.
(pdftex.def)             Requested size: 500.484pt x 285.99599pt.
Package color Info: Redefining color shadecolor on input line 3337.
 [64] [65 <./figure/unnamed-chunk-91-1.pdf>]
Package color Info: Redefining color shadecolor on input line 3369.
Package color Info: Redefining color shadecolor on input line 3395.
<figure/unnamed-chunk-94-1.pdf, id=877, 505.89pt x 289.08pt>
File: figure/unnamed-chunk-94-1.pdf Graphic file (type pdf)
<use figure/unnamed-chunk-94-1.pdf>
Package pdftex.def Info: figure/unnamed-chunk-94-1.pdf  used on input line 3400
.
(pdftex.def)             Requested size: 500.484pt x 285.99599pt.

Overfull \hbox (17.62482pt too wide) in paragraph at lines 3400--3401
[][] 
 []


Underfull \vbox (badness 10000) has occurred while \output is active []

 [66]
Package color Info: Redefining color shadecolor on input line 3414.

[67 <./figure/unnamed-chunk-94-1.pdf>] [68]
Package color Info: Redefining color shadecolor on input line 3569.
Package color Info: Redefining color shadecolor on input line 3586.

Overfull \hbox (3.5158pt too wide) in paragraph at lines 3588--3588
[][]\OT1/pcr/m/n/12 aggregated_data[][]$[][]cond[][]<-[][]\OT1/pcr/b/n/12 facto
r[][]\OT1/pcr/m/n/12 (aggregated_data[][]$[][]cond,[][]levels[][]=[][]\OT1/pcr/
b/n/12 c[][]\OT1/pcr/m/n/12 ([][]"sr"[][],[][]"or"[][]))[][] 
 []

Package color Info: Redefining color shadecolor on input line 3596.
Package color Info: Redefining color shadecolor on input line 3608.
[69]
Package color Info: Redefining color shadecolor on input line 3624.
Package color Info: Redefining color shadecolor on input line 3635.
Package color Info: Redefining color shadecolor on input line 3666.
Package color Info: Redefining color shadecolor on input line 3679.
 [70]
Package color Info: Redefining color shadecolor on input line 3719.
Package color Info: Redefining color shadecolor on input line 3742.
 [71]
Package color Info: Redefining color shadecolor on input line 3767.
Package color Info: Redefining color shadecolor on input line 3791.
<figure/unnamed-chunk-107-1.pdf, id=922, 505.89pt x 289.08pt>
File: figure/unnamed-chunk-107-1.pdf Graphic file (type pdf)
<use figure/unnamed-chunk-107-1.pdf>
Package pdftex.def Info: figure/unnamed-chunk-107-1.pdf  used on input line 380
5.
(pdftex.def)             Requested size: 500.484pt x 285.99599pt.

Overfull \hbox (17.62482pt too wide) in paragraph at lines 3805--3806
[][] 
 []


Underfull \vbox (badness 1715) has occurred while \output is active []

 [72]
Package color Info: Redefining color shadecolor on input line 3823.
LaTeX Font Info:    Font shape `TS1/pcr/m/it' in size <12> not available
(Font)              Font shape `TS1/pcr/m/sl' tried instead on input line 3827.

Package color Info: Redefining color shadecolor on input line 3846.

[73 <./figure/unnamed-chunk-107-1.pdf>]
<figure/unnamed-chunk-109-1.pdf, id=941, 505.89pt x 289.08pt>
File: figure/unnamed-chunk-109-1.pdf Graphic file (type pdf)
<use figure/unnamed-chunk-109-1.pdf>
Package pdftex.def Info: figure/unnamed-chunk-109-1.pdf  used on input line 385
1.
(pdftex.def)             Requested size: 500.484pt x 285.99599pt.

Overfull \hbox (17.62482pt too wide) in paragraph at lines 3851--3852
[][] 
 []

Package color Info: Redefining color shadecolor on input line 3857.
Package color Info: Redefining color shadecolor on input line 3865.
[74 <./figure/unnamed-chunk-109-1.pdf>]
Package color Info: Redefining color shadecolor on input line 3897.
<figure/unnamed-chunk-112-1.pdf, id=951, 505.89pt x 289.08pt>
File: figure/unnamed-chunk-112-1.pdf Graphic file (type pdf)
<use figure/unnamed-chunk-112-1.pdf>
Package pdftex.def Info: figure/unnamed-chunk-112-1.pdf  used on input line 390
2.
(pdftex.def)             Requested size: 500.484pt x 285.99599pt.

Overfull \hbox (17.62482pt too wide) in paragraph at lines 3902--3903
[][] 
 []

Package color Info: Redefining color shadecolor on input line 3918.
[75 <./figure/unnamed-chunk-112-1.pdf>]
Package color Info: Redefining color shadecolor on input line 3951.
Package color Info: Redefining color shadecolor on input line 3968.
 [76]
Package color Info: Redefining color shadecolor on input line 3993.
Package color Info: Redefining color shadecolor on input line 4015.
<figure/unnamed-chunk-117-1.pdf, id=966, 505.89pt x 289.08pt>
File: figure/unnamed-chunk-117-1.pdf Graphic file (type pdf)
<use figure/unnamed-chunk-117-1.pdf>
Package pdftex.def Info: figure/unnamed-chunk-117-1.pdf  used on input line 402
0.
(pdftex.def)             Requested size: 471.1093pt x 269.21213pt.

Underfull \vbox (badness 10000) has occurred while \output is active []

 [77]
Package color Info: Redefining color shadecolor on input line 4026.
Package color Info: Redefining color shadecolor on input line 4048.
<figure/unnamed-chunk-119-1.pdf, id=973, 505.89pt x 289.08pt>
File: figure/unnamed-chunk-119-1.pdf Graphic file (type pdf)
<use figure/unnamed-chunk-119-1.pdf>
Package pdftex.def Info: figure/unnamed-chunk-119-1.pdf  used on input line 405
6.
(pdftex.def)             Requested size: 471.1093pt x 269.21213pt.

Underfull \vbox (badness 2503) has occurred while \output is active []

 [78 <./figure/unnamed-chunk-117-1.pdf>]
Package color Info: Redefining color shadecolor on input line 4063.

Overfull \hbox (241.6904pt too wide) in paragraph at lines 4065--4065
[][]\OT1/pcr/b/n/12 hist[][]\OT1/pcr/m/n/12 (savecoef[,[][]2[][]][[][]\OT1/pcr/
b/n/12 which[][]\OT1/pcr/m/n/12 (pvals[][]<[][]0.05[][])],[][]xlab[][]=[][]"est
imate"[][],[][]freq[][]=[][]FALSE[][],[][]main[][]=[][]"Type M error with 40% p
ower"[][])[][] 
 []

<figure/unnamed-chunk-120-1.pdf, id=986, 505.89pt x 289.08pt>
File: figure/unnamed-chunk-120-1.pdf Graphic file (type pdf)
<use figure/unnamed-chunk-120-1.pdf>
Package pdftex.def Info: figure/unnamed-chunk-120-1.pdf  used on input line 406
9.
(pdftex.def)             Requested size: 471.1093pt x 269.21213pt.
[79 <./figure/unnamed-chunk-119-1.pdf> <./figure/unnamed-chunk-120-1.pdf>]
[80

] (./StatisticsNotesVasishth-knitr.bbl)
Package atveryend Info: Empty hook `BeforeClearDocument' on input line 4092.
 [81

]
Package atveryend Info: Empty hook `AfterLastShipout' on input line 4092.

(./StatisticsNotesVasishth-knitr.aux)
Package atveryend Info: Executing hook `AtVeryEndDocument' on input line 4092.
Package atveryend Info: Executing hook `AtEndAfterFileList' on input line 4092.

Package rerunfilecheck Info: File `StatisticsNotesVasishth-knitr.out' has not c
hanged.
(rerunfilecheck)             Checksum: B7D291F7A9C9AADA1DB86BB287A06062;3369.


LaTeX Warning: There were undefined references.


LaTeX Warning: There were multiply-defined labels.

Package atveryend Info: Empty hook `AtVeryVeryEnd' on input line 4092.
 ) 
Here is how much of TeX's memory you used:
 8489 strings out of 492649
 128369 string characters out of 6129621
 221231 words of memory out of 5000000
 11875 multiletter control sequences out of 15000+600000
 77168 words of font info for 180 fonts, out of 8000000 for 9000
 1142 hyphenation exceptions out of 8191
 28i,13n,32p,1365b,470s stack positions out of 5000i,500n,10000p,200000b,80000s
{/usr/local/texlive/2018/texmf-dist/fonts/enc/dvips/base/8r.enc}</usr/local/t
exlive/2018/texmf-dist/fonts/type1/public/amsfonts/cm/cmex10.pfb></usr/local/te
xlive/2018/texmf-dist/fonts/type1/public/amsfonts/cm/cmmi10.pfb></usr/local/tex
live/2018/texmf-dist/fonts/type1/public/amsfonts/cm/cmr10.pfb></usr/local/texli
ve/2018/texmf-dist/fonts/type1/public/amsfonts/cm/cmss12.pfb></usr/local/texliv
e/2018/texmf-dist/fonts/type1/public/amsfonts/cm/cmsy10.pfb></usr/local/texlive
/2018/texmf-dist/fonts/type1/public/amsfonts/cm/cmtt12.pfb></usr/local/texlive/
2018/texmf-dist/fonts/type1/public/amsfonts/symbols/msbm10.pfb></usr/local/texl
ive/2018/texmf-dist/fonts/type1/urw/courier/ucrb8a.pfb></usr/local/texlive/2018
/texmf-dist/fonts/type1/urw/courier/ucrr8a.pfb></usr/local/texlive/2018/texmf-d
ist/fonts/type1/urw/courier/ucrro8a.pfb></usr/local/texlive/2018/texmf-dist/fon
ts/type1/urw/symbol/usyr.pfb></usr/local/texlive/2018/texmf-dist/fonts/type1/ur
w/symbol/usyr.pfb></usr/local/texlive/2018/texmf-dist/fonts/type1/urw/times/utm
b8a.pfb></usr/local/texlive/2018/texmf-dist/fonts/type1/urw/times/utmr8a.pfb></
usr/local/texlive/2018/texmf-dist/fonts/type1/urw/times/utmr8a.pfb></usr/local/
texlive/2018/texmf-dist/fonts/type1/urw/times/utmri8a.pfb>
Output written on StatisticsNotesVasishth-knitr.pdf (85 pages, 821281 bytes).
PDF statistics:
 1129 PDF objects out of 1200 (max. 8388607)
 945 compressed objects within 10 object streams
 267 named destinations out of 1000 (max. 500000)
 499 words of extra memory for PDF output out of 10000 (max. 10000000)

