This is pdfTeX, Version 3.1415926-1.40.11 (TeX Live 2010) (format=pdflatex 2011.5.9)  22 SEP 2013 19:37
entering extended mode
 restricted \write18 enabled.
 %&-line parsing enabled.
**sample-book.tex
(./sample-book.tex
LaTeX2e <2009/09/24>
Babel <v3.8l> and hyphenation patterns for english, dumylang, nohyphenation, ge
rman-x-2009-06-19, ngerman-x-2009-06-19, ancientgreek, ibycus, arabic, armenian
, basque, bulgarian, catalan, pinyin, coptic, croatian, czech, danish, dutch, u
kenglish, usenglishmax, esperanto, estonian, farsi, finnish, french, galician, 
german, ngerman, swissgerman, monogreek, greek, hungarian, icelandic, assamese,
 bengali, gujarati, hindi, kannada, malayalam, marathi, oriya, panjabi, tamil, 
telugu, indonesian, interlingua, irish, italian, kurmanji, lao, latin, latvian,
 lithuanian, mongolian, mongolianlmc, bokmal, nynorsk, polish, portuguese, roma
nian, russian, sanskrit, serbian, slovak, slovenian, spanish, swedish, turkish,
 turkmen, ukrainian, uppersorbian, welsh, loaded.
(./tufte-book.cls
Document Class: tufte-book 2009/12/11 v3.5.0 Tufte-book class
(./tufte-common.def
File: tufte-common.def 2009/12/11 v3.5.0 Common code for the Tufte-LaTeX styles


(/usr/local/texlive/2010/texmf-dist/tex/latex/xkeyval/xkeyval.sty
Package: xkeyval 2008/08/13 v2.6a package option processing (HA)

(/usr/local/texlive/2010/texmf-dist/tex/generic/xkeyval/xkeyval.tex
\XKV@toks=\toks14
\XKV@tempa@toks=\toks15
\XKV@depth=\count79
File: xkeyval.tex 2008/08/13 v2.6a key=value parser (HA)

(/usr/local/texlive/2010/texmf-dist/tex/generic/xkeyval/keyval.tex)))
(/usr/local/texlive/2010/texmf-dist/tex/latex/xifthen/xifthen.sty
Package: xifthen 2009/04/17 v1.3 Extended ifthen features

(/usr/local/texlive/2010/texmf-dist/tex/latex/etex-pkg/etex.sty
Package: etex 1998/03/26 v2.0 eTeX basic definition package (PEB)
\et@xins=\count80
)
(/usr/local/texlive/2010/texmf-dist/tex/latex/tools/calc.sty
Package: calc 2007/08/22 v4.3 Infix arithmetic (KKT,FJ)
\calc@Acount=\count81
\calc@Bcount=\count82
\calc@Adimen=\dimen102
\calc@Bdimen=\dimen103
\calc@Askip=\skip41
\calc@Bskip=\skip42
LaTeX Info: Redefining \setlength on input line 76.
LaTeX Info: Redefining \addtolength on input line 77.
\calc@Ccount=\count83
\calc@Cskip=\skip43
)
(/usr/local/texlive/2010/texmf-dist/tex/latex/base/ifthen.sty
Package: ifthen 2001/05/26 v1.1c Standard LaTeX ifthen package (DPC)
)
(/usr/local/texlive/2010/texmf-dist/tex/latex/ifmtarg/ifmtarg.sty
Package: ifmtarg 2009/09/02 v1.2a check for an empty argument
))
Class tufte-book Info: Loading the base class `book'.

(/usr/local/texlive/2010/texmf-dist/tex/latex/base/book.cls
Document Class: book 2007/10/19 v1.4h Standard LaTeX document class
(/usr/local/texlive/2010/texmf-dist/tex/latex/base/bk10.clo
File: bk10.clo 2007/10/19 v1.4h Standard LaTeX file (size option)
)
\c@part=\count84
\c@chapter=\count85
\c@section=\count86
\c@subsection=\count87
\c@subsubsection=\count88
\c@paragraph=\count89
\c@subparagraph=\count90
\c@figure=\count91
\c@table=\count92
\abovecaptionskip=\skip44
\belowcaptionskip=\skip45
\bibindent=\dimen104
)
(/usr/local/texlive/2010/texmf-dist/tex/generic/oberdiek/ifpdf.sty
Package: ifpdf 2010/01/28 v2.1 Provides the ifpdf switch (HO)
Package ifpdf Info: pdfTeX in pdf mode detected.
)
(/usr/local/texlive/2010/texmf-dist/tex/generic/ifxetex/ifxetex.sty
Package: ifxetex 2009/01/23 v0.5 Provides ifxetex conditional
)
(/usr/local/texlive/2010/texmf-dist/tex/latex/titlesec/titlesec.sty
Package: titlesec 2007/08/12 v2.8 Sectioning titles
\ttl@box=\box26
\beforetitleunit=\skip46
\aftertitleunit=\skip47
\ttl@plus=\dimen105
\ttl@minus=\dimen106
\ttl@toksa=\toks16
\titlewidth=\dimen107
\titlewidthlast=\dimen108
\titlewidthfirst=\dimen109
)
(/usr/local/texlive/2010/texmf-dist/tex/latex/titlesec/titletoc.sty
Package: titletoc 2007/08/12 v1.6 TOC entries
\ttl@leftsep=\dimen110
)
(/usr/local/texlive/2010/texmf-dist/tex/latex/hyperref/hyperref.sty
Package: hyperref 2010/06/18 v6.81g Hypertext links for LaTeX

(/usr/local/texlive/2010/texmf-dist/tex/generic/oberdiek/ltxcmds.sty
Package: ltxcmds 2010/04/26 v1.7 LaTeX kernel commands for general use (HO)
)
(/usr/local/texlive/2010/texmf-dist/tex/generic/oberdiek/kvsetkeys.sty
Package: kvsetkeys 2010/03/01 v1.9 Key value parser (HO)

(/usr/local/texlive/2010/texmf-dist/tex/generic/oberdiek/infwarerr.sty
Package: infwarerr 2010/04/08 v1.3 Providing info/warning/message (HO)
)
(/usr/local/texlive/2010/texmf-dist/tex/generic/oberdiek/etexcmds.sty
Package: etexcmds 2010/01/28 v1.3 Prefix for e-TeX command names (HO)
Package etexcmds Info: Could not find \expanded.
(etexcmds)             That can mean that you are not using pdfTeX 1.50 or
(etexcmds)             that some package has redefined \expanded.
(etexcmds)             In the latter case, load this package earlier.
))
(/usr/local/texlive/2010/texmf-dist/tex/generic/oberdiek/pdfescape.sty
Package: pdfescape 2010/03/01 v1.9 Provides hex, PDF name and string conversion
s (HO)

(/usr/local/texlive/2010/texmf-dist/tex/generic/oberdiek/pdftexcmds.sty
Package: pdftexcmds 2010/04/01 v0.9 Utility functions of pdfTeX for LuaTeX (HO)


(/usr/local/texlive/2010/texmf-dist/tex/generic/oberdiek/ifluatex.sty
Package: ifluatex 2010/03/01 v1.3 Provides the ifluatex switch (HO)
Package ifluatex Info: LuaTeX not detected.
)
Package pdftexcmds Info: LuaTeX not detected.
Package pdftexcmds Info: \pdf@primitive is available.
Package pdftexcmds Info: \pdf@ifprimitive is available.
))
(/usr/local/texlive/2010/texmf-dist/tex/generic/oberdiek/ifvtex.sty
Package: ifvtex 2010/03/01 v1.5 Switches for detecting VTeX and its modes (HO)
Package ifvtex Info: VTeX not detected.
)
(/usr/local/texlive/2010/texmf-dist/tex/latex/oberdiek/hycolor.sty
Package: hycolor 2009/12/12 v1.6 Color options of hyperref/bookmark (HO)

(/usr/local/texlive/2010/texmf-dist/tex/latex/oberdiek/xcolor-patch.sty
Package: xcolor-patch 2009/12/12 xcolor patch
))
(/usr/local/texlive/2010/texmf-dist/tex/latex/oberdiek/letltxmacro.sty
Package: letltxmacro 2008/06/24 v1.3 Let assignment for LaTeX macros (HO)
)
\@linkdim=\dimen111
\Hy@linkcounter=\count93
\Hy@pagecounter=\count94

(/usr/local/texlive/2010/texmf-dist/tex/latex/hyperref/pd1enc.def
File: pd1enc.def 2010/06/18 v6.81g Hyperref: PDFDocEncoding definition (HO)
)
(/usr/local/texlive/2010/texmf-dist/tex/generic/oberdiek/intcalc.sty
Package: intcalc 2007/09/27 v1.1 Expandable integer calculations (HO)
)
(/usr/local/texlive/2010/texmf-dist/tex/latex/latexconfig/hyperref.cfg
File: hyperref.cfg 2002/06/06 v1.2 hyperref configuration of TeXLive
)
(/usr/local/texlive/2010/texmf-dist/tex/latex/oberdiek/kvoptions.sty
Package: kvoptions 2010/02/22 v3.7 Keyval support for LaTeX options (HO)
)
Package hyperref Info: Option `unicode' set `true' on input line 3577.

(/usr/local/texlive/2010/texmf-dist/tex/latex/hyperref/puenc.def
File: puenc.def 2010/06/18 v6.81g Hyperref: PDF Unicode definition (HO)
)
Package hyperref Info: Option `hyperfootnotes' set `false' on input line 3577.
Package hyperref Info: Hyper figures OFF on input line 3658.
Package hyperref Info: Link nesting OFF on input line 3663.
Package hyperref Info: Hyper index ON on input line 3666.
Package hyperref Info: Plain pages OFF on input line 3673.
Package hyperref Info: Backreferencing OFF on input line 3678.

Implicit mode ON; LaTeX internals redefined
Package hyperref Info: Bookmarks ON on input line 3874.
(/usr/local/texlive/2010/texmf-dist/tex/latex/url/url.sty
\Urlmuskip=\muskip10
Package: url 2006/04/12  ver 3.3  Verb mode for urls, etc.
)
LaTeX Info: Redefining \url on input line 4159.

(/usr/local/texlive/2010/texmf-dist/tex/generic/oberdiek/bitset.sty
Package: bitset 2007/09/28 v1.0 Data type bit set (HO)

(/usr/local/texlive/2010/texmf-dist/tex/generic/oberdiek/bigintcalc.sty
Package: bigintcalc 2007/11/11 v1.1 Expandable big integer calculations (HO)
))
\Fld@menulength=\count95
\Field@Width=\dimen112
\Fld@charsize=\dimen113
\Field@toks=\toks17
Package hyperref Info: Hyper figures OFF on input line 5137.
Package hyperref Info: Link nesting OFF on input line 5142.
Package hyperref Info: Hyper index ON on input line 5145.
Package hyperref Info: backreferencing OFF on input line 5152.
Package hyperref Info: Link coloring OFF on input line 5157.
Package hyperref Info: Link coloring with OCG OFF on input line 5162.
Package hyperref Info: PDF/A mode OFF on input line 5167.
LaTeX Info: Redefining \ref on input line 5207.
LaTeX Info: Redefining \pageref on input line 5211.

(/usr/local/texlive/2010/texmf-dist/tex/generic/oberdiek/atbegshi.sty
Package: atbegshi 2010/03/25 v1.12 At begin shipout hook (HO)
)
\Hy@abspage=\count96
\c@Item=\count97
)
* hyperref using default driver hpdftex *
(/usr/local/texlive/2010/texmf-dist/tex/latex/hyperref/hpdftex.def
File: hpdftex.def 2010/06/18 v6.81g Hyperref driver for pdfTeX

(/usr/local/texlive/2010/texmf-dist/tex/latex/oberdiek/atveryend.sty
Package: atveryend 2010/03/24 v1.5 Hooks at very end of document (HO)
Package atveryend Info: \enddocument detected (standard).
)
\Fld@listcount=\count98
\c@bookmark@seq@number=\count99

(/usr/local/texlive/2010/texmf-dist/tex/latex/oberdiek/rerunfilecheck.sty
Package: rerunfilecheck 2010/03/16 v1.6 Rerun checks for auxiliary files (HO)

(/usr/local/texlive/2010/texmf-dist/tex/generic/oberdiek/uniquecounter.sty
Package: uniquecounter 2009/12/18 v1.1 Provides unlimited unique counter (HO)
)
Package uniquecounter Info: New unique counter `rerunfilecheck' on input line 2
71.
)
\Hy@SectionHShift=\skip48
)

Package hyperref Warning: Option `pagecolor' is not available anymore.

(/usr/local/texlive/2010/texmf-dist/tex/latex/ms/ragged2e.sty
Package: ragged2e 2009/05/21 v2.1 ragged2e Package (MS)

(/usr/local/texlive/2010/texmf-dist/tex/latex/ms/everysel.sty
Package: everysel 2009/05/30 v1.1 EverySelectfont Package (MS)
)
\CenteringLeftskip=\skip49
\RaggedLeftLeftskip=\skip50
\RaggedRightLeftskip=\skip51
\CenteringRightskip=\skip52
\RaggedLeftRightskip=\skip53
\RaggedRightRightskip=\skip54
\CenteringParfillskip=\skip55
\RaggedLeftParfillskip=\skip56
\RaggedRightParfillskip=\skip57
\JustifyingParfillskip=\skip58
\CenteringParindent=\skip59
\RaggedLeftParindent=\skip60
\RaggedRightParindent=\skip61
\JustifyingParindent=\skip62
)
(/usr/local/texlive/2010/texmf-dist/tex/latex/geometry/geometry.sty
Package: geometry 2010/07/13 v5.5 Page Geometry
\Gm@cnth=\count100
\Gm@cntv=\count101
\c@Gm@tempcnt=\count102
\Gm@bindingoffset=\dimen114
\Gm@wd@mp=\dimen115
\Gm@odd@mp=\dimen116
\Gm@even@mp=\dimen117
\Gm@layoutwidth=\dimen118
\Gm@layoutheight=\dimen119
\Gm@layouthoffset=\dimen120
\Gm@layoutvoffset=\dimen121
\Gm@dimlist=\toks18
)
(/usr/local/texlive/2010/texmf-dist/tex/latex/changepage/changepage.sty
Package: changepage 2009/10/20 v1.0c check page and change page layout
\c@cp@cntr=\count103
\cp@tempcnt=\count104
)
\@tufte@overhang=\skip63
\@tufte@fullwidth=\skip64
\@tufte@caption@fill=\skip65

(/usr/local/texlive/2010/texmf-dist/tex/latex/paralist/paralist.sty
Package: paralist 2002/03/18 v2.3b Extended list environments (BS)
\pltopsep=\skip66
\plpartopsep=\skip67
\plitemsep=\skip68
\plparsep=\skip69
\pl@lab=\toks19
)
(/usr/local/texlive/2010/texmf-dist/tex/latex/textcase/textcase.sty
Package: textcase 2004/10/07 v0.07 Text only upper/lower case changing (DPC)
)
(/usr/local/texlive/2010/texmf-dist/tex/latex/microtype/letterspace.sty
Package: letterspace 2010/01/10 v2.4 Robust letterspacing (RS)
LaTeX Info: Redefining \lsstyle on input line 277.
LaTeX Info: Redefining \lslig on input line 278.
LaTeX Info: Redefining \textls on input line 303.
\MT@outer@kern=\dimen122
)
(/usr/local/texlive/2010/texmf-dist/tex/latex/setspace/setspace.sty
Package: setspace 2000/12/01 6.7 Contributed and Supported LaTeX2e package

Package: `setspace' 6.7 <2000/12/01>
) (/usr/local/texlive/2010/texmf-dist/tex/latex/natbib/natbib.sty
Package: natbib 2009/11/07 8.31a (PWD, AO)
\bibhang=\skip70
\bibsep=\skip71
LaTeX Info: Redefining \cite on input line 694.
\c@NAT@ctr=\count105
)
(/usr/local/texlive/2010/texmf-dist/tex/latex/natbib/bibentry.sty
Package: bibentry 2007/10/30 1.5 (PWD)
)
No file sample-book.bbl.
\c@@tufte@num@bibkeys=\count106
(/usr/local/texlive/2010/texmf-dist/tex/latex/sauerj/optparams.sty
Package: optparams 2004/08/14 v0.9 multiple optional parameters in macros
)
\@tufte@sidenote@vertical@offset=\skip72

(/usr/local/texlive/2010/texmf-dist/tex/latex/placeins/placeins.sty
Package: placeins 2005/04/18  v 2.2
)
\@tufte@margin@floatbox=\box27
\@tufte@figure@box=\box28
\@tufte@caption@box=\box29
\@tufte@caption@vertical@offset=\skip73
\@tufte@float@contents@width=\skip74

(/usr/local/texlive/2010/texmf-dist/tex/latex/psnfss/mathpazo.sty
Package: mathpazo 2005/04/12 PSNFSS-v9.2a Palatino w/ Pazo Math (D.Puga, WaS) 
\symupright=\mathgroup4
)
(/usr/local/texlive/2010/texmf-dist/tex/latex/psnfss/helvet.sty
Package: helvet 2005/04/12 PSNFSS-v9.2a (WaS) 
)
(/usr/local/texlive/2010/texmf-dist/tex/latex/bera/beramono.sty
Package: beramono 2004/01/31 (WaS)
)
(/usr/local/texlive/2010/texmf-dist/tex/latex/base/fontenc.sty
Package: fontenc 2005/09/27 v1.99g Standard LaTeX package

(/usr/local/texlive/2010/texmf-dist/tex/latex/base/t1enc.def
File: t1enc.def 2005/09/27 v1.99g Standard LaTeX file
LaTeX Font Info:    Redeclaring font encoding T1 on input line 43.
))
(/usr/local/texlive/2010/texmf-dist/tex/latex/base/textcomp.sty
Package: textcomp 2005/09/27 v1.99g Standard LaTeX package
Package textcomp Info: Sub-encoding information:
(textcomp)               5 = only ISO-Adobe without \textcurrency
(textcomp)               4 = 5 + \texteuro
(textcomp)               3 = 4 + \textohm
(textcomp)               2 = 3 + \textestimated + \textcurrency
(textcomp)               1 = TS1 - \textcircled - \t
(textcomp)               0 = TS1 (full)
(textcomp)             Font families with sub-encoding setting implement
(textcomp)             only a restricted character set as indicated.
(textcomp)             Family '?' is the default used for unknown fonts.
(textcomp)             See the documentation for details.
Package textcomp Info: Setting ? sub-encoding to TS1/1 on input line 71.

(/usr/local/texlive/2010/texmf-dist/tex/latex/base/ts1enc.def
File: ts1enc.def 2001/06/05 v3.0e (jk/car/fm) Standard LaTeX file
)
LaTeX Info: Redefining \oldstylenums on input line 266.
Package textcomp Info: Setting cmr sub-encoding to TS1/0 on input line 281.
Package textcomp Info: Setting cmss sub-encoding to TS1/0 on input line 282.
Package textcomp Info: Setting cmtt sub-encoding to TS1/0 on input line 283.
Package textcomp Info: Setting cmvtt sub-encoding to TS1/0 on input line 284.
Package textcomp Info: Setting cmbr sub-encoding to TS1/0 on input line 285.
Package textcomp Info: Setting cmtl sub-encoding to TS1/0 on input line 286.
Package textcomp Info: Setting ccr sub-encoding to TS1/0 on input line 287.
Package textcomp Info: Setting ptm sub-encoding to TS1/4 on input line 288.
Package textcomp Info: Setting pcr sub-encoding to TS1/4 on input line 289.
Package textcomp Info: Setting phv sub-encoding to TS1/4 on input line 290.
Package textcomp Info: Setting ppl sub-encoding to TS1/3 on input line 291.
Package textcomp Info: Setting pag sub-encoding to TS1/4 on input line 292.
Package textcomp Info: Setting pbk sub-encoding to TS1/4 on input line 293.
Package textcomp Info: Setting pnc sub-encoding to TS1/4 on input line 294.
Package textcomp Info: Setting pzc sub-encoding to TS1/4 on input line 295.
Package textcomp Info: Setting bch sub-encoding to TS1/4 on input line 296.
Package textcomp Info: Setting put sub-encoding to TS1/5 on input line 297.
Package textcomp Info: Setting uag sub-encoding to TS1/5 on input line 298.
Package textcomp Info: Setting ugq sub-encoding to TS1/5 on input line 299.
Package textcomp Info: Setting ul8 sub-encoding to TS1/4 on input line 300.
Package textcomp Info: Setting ul9 sub-encoding to TS1/4 on input line 301.
Package textcomp Info: Setting augie sub-encoding to TS1/5 on input line 302.
Package textcomp Info: Setting dayrom sub-encoding to TS1/3 on input line 303.
Package textcomp Info: Setting dayroms sub-encoding to TS1/3 on input line 304.

Package textcomp Info: Setting pxr sub-encoding to TS1/0 on input line 305.
Package textcomp Info: Setting pxss sub-encoding to TS1/0 on input line 306.
Package textcomp Info: Setting pxtt sub-encoding to TS1/0 on input line 307.
Package textcomp Info: Setting txr sub-encoding to TS1/0 on input line 308.
Package textcomp Info: Setting txss sub-encoding to TS1/0 on input line 309.
Package textcomp Info: Setting txtt sub-encoding to TS1/0 on input line 310.
Package textcomp Info: Setting futs sub-encoding to TS1/4 on input line 311.
Package textcomp Info: Setting futx sub-encoding to TS1/4 on input line 312.
Package textcomp Info: Setting futj sub-encoding to TS1/4 on input line 313.
Package textcomp Info: Setting hlh sub-encoding to TS1/3 on input line 314.
Package textcomp Info: Setting hls sub-encoding to TS1/3 on input line 315.
Package textcomp Info: Setting hlst sub-encoding to TS1/3 on input line 316.
Package textcomp Info: Setting hlct sub-encoding to TS1/5 on input line 317.
Package textcomp Info: Setting hlx sub-encoding to TS1/5 on input line 318.
Package textcomp Info: Setting hlce sub-encoding to TS1/5 on input line 319.
Package textcomp Info: Setting hlcn sub-encoding to TS1/5 on input line 320.
Package textcomp Info: Setting hlcw sub-encoding to TS1/5 on input line 321.
Package textcomp Info: Setting hlcf sub-encoding to TS1/5 on input line 322.
Package textcomp Info: Setting pplx sub-encoding to TS1/3 on input line 323.
Package textcomp Info: Setting pplj sub-encoding to TS1/3 on input line 324.
Package textcomp Info: Setting ptmx sub-encoding to TS1/4 on input line 325.
Package textcomp Info: Setting ptmj sub-encoding to TS1/4 on input line 326.
)
(/usr/local/texlive/2010/texmf-dist/tex/latex/fancyhdr/fancyhdr.sty
\fancy@headwidth=\skip75
\f@ncyO@elh=\skip76
\f@ncyO@erh=\skip77
\f@ncyO@olh=\skip78
\f@ncyO@orh=\skip79
\f@ncyO@elf=\skip80
\f@ncyO@erf=\skip81
\f@ncyO@olf=\skip82
\f@ncyO@orf=\skip83
)
(/usr/local/texlive/2010/texmf-dist/tex/latex/xcolor/xcolor.sty
Package: xcolor 2007/01/21 v2.11 LaTeX color extensions (UK)

(/usr/local/texlive/2010/texmf-dist/tex/latex/latexconfig/color.cfg
File: color.cfg 2007/01/18 v1.5 color configuration of teTeX/TeXLive
)
Package xcolor Info: Package option `usenames' ignored on input line 216.
Package xcolor Info: Driver file: pdftex.def on input line 225.

(/usr/local/texlive/2010/texmf-dist/tex/latex/pdftex-def/pdftex.def
File: pdftex.def 2010/02/14 v0.04n Graphics/color for pdfTeX
\Gread@gobject=\count107
)
Package xcolor Info: Model `cmy' substituted by `cmy0' on input line 1337.
Package xcolor Info: Model `hsb' substituted by `rgb' on input line 1341.
Package xcolor Info: Model `RGB' extended on input line 1353.
Package xcolor Info: Model `HTML' substituted by `rgb' on input line 1355.
Package xcolor Info: Model `Hsb' substituted by `hsb' on input line 1356.
Package xcolor Info: Model `tHsb' substituted by `hsb' on input line 1357.
Package xcolor Info: Model `HSB' substituted by `hsb' on input line 1358.
Package xcolor Info: Model `Gray' substituted by `gray' on input line 1359.
Package xcolor Info: Model `wave' substituted by `hsb' on input line 1360.

(/usr/local/texlive/2010/texmf-dist/tex/latex/graphics/dvipsnam.def
File: dvipsnam.def 1999/02/16 v3.0i Driver-dependant file (DPC,SPQR)
)
(/usr/local/texlive/2010/texmf-dist/tex/latex/xcolor/svgnam.def
File: svgnam.def 2007/01/21 v2.11 Predefined colors according to SVG 1.1 (UK)
))
\langwohyphens=\language72

(/usr/local/texlive/2010/texmf-dist/tex/latex/tools/multicol.sty
Package: multicol 2008/12/05 v1.6h multicolumn formatting (FMi)
\c@tracingmulticols=\count108
\mult@box=\box30
\multicol@leftmargin=\dimen123
\c@unbalance=\count109
\c@collectmore=\count110
\doublecol@number=\count111
\multicoltolerance=\count112
\multicolpretolerance=\count113
\full@width=\dimen124
\page@free=\dimen125
\premulticols=\dimen126
\postmulticols=\dimen127
\multicolsep=\skip84
\multicolbaselineskip=\skip85
\partial@page=\box31
\last@line=\box32
\mult@rightbox=\box33
\mult@grightbox=\box34
\mult@gfirstbox=\box35
\mult@firstbox=\box36
\@tempa=\box37
\@tempa=\box38
\@tempa=\box39
\@tempa=\box40
\@tempa=\box41
\@tempa=\box42
\@tempa=\box43
\@tempa=\box44
\@tempa=\box45
\@tempa=\box46
\@tempa=\box47
\@tempa=\box48
\@tempa=\box49
\@tempa=\box50
\@tempa=\box51
\@tempa=\box52
\@tempa=\box53
\c@columnbadness=\count114
\c@finalcolumnbadness=\count115
\last@try=\dimen128
\multicolovershoot=\dimen129
\multicolundershoot=\dimen130
\mult@nat@firstbox=\box54
\colbreak@box=\box55
)))
Package hyperref Info: Option `colorlinks' set `true' on input line 3.

(/usr/local/texlive/2010/texmf-dist/tex/latex/lipsum/lipsum.sty
Package: lipsum 2005/01/26 v1.0 150 paragraphs of Lorem Ipsum dummy text
File: lipsum.dtx 2005/01/26 v1.0 150 paragraphs of Lorem Ipsum dummy text
\c@lips@count=\count116
)
(/usr/local/texlive/2010/texmf-dist/tex/latex/booktabs/booktabs.sty
Package: booktabs 2005/04/14 v1.61803 publication quality tables
\heavyrulewidth=\dimen131
\lightrulewidth=\dimen132
\cmidrulewidth=\dimen133
\belowrulesep=\dimen134
\belowbottomsep=\dimen135
\aboverulesep=\dimen136
\abovetopsep=\dimen137
\cmidrulesep=\dimen138
\cmidrulekern=\dimen139
\defaultaddspace=\dimen140
\@cmidla=\count117
\@cmidlb=\count118
\@aboverulesep=\dimen141
\@belowrulesep=\dimen142
\@thisruleclass=\count119
\@lastruleclass=\count120
\@thisrulewidth=\dimen143
)
(/usr/local/texlive/2010/texmf-dist/tex/latex/graphics/graphicx.sty
Package: graphicx 1999/02/16 v1.0f Enhanced LaTeX Graphics (DPC,SPQR)

(/usr/local/texlive/2010/texmf-dist/tex/latex/graphics/graphics.sty
Package: graphics 2009/02/05 v1.0o Standard LaTeX Graphics (DPC,SPQR)

(/usr/local/texlive/2010/texmf-dist/tex/latex/graphics/trig.sty
Package: trig 1999/03/16 v1.09 sin cos tan (DPC)
)
(/usr/local/texlive/2010/texmf-dist/tex/latex/latexconfig/graphics.cfg
File: graphics.cfg 2010/04/23 v1.9 graphics configuration of TeX Live
)
Package graphics Info: Driver file: pdftex.def on input line 91.
)
\Gin@req@height=\dimen144
\Gin@req@width=\dimen145
)
(/usr/local/texlive/2010/texmf-dist/tex/latex/fancyvrb/fancyvrb.sty
Package: fancyvrb 2008/02/07

Style option: `fancyvrb' v2.7a, with DG/SPQR fixes, and firstline=lastline fix 
<2008/02/07> (tvz)
\FV@CodeLineNo=\count121
\FV@InFile=\read1
\FV@TabBox=\box56
\c@FancyVerbLine=\count122
\FV@StepNumber=\count123
\FV@OutFile=\write3
)
(/usr/local/texlive/2010/texmf-dist/tex/latex/tools/xspace.sty
Package: xspace 2006/05/08 v1.12 Space after command names (DPC,MH)
)
(/usr/local/texlive/2010/texmf-dist/tex/latex/units/units.sty
Package: units 1998/08/04 v0.9b Typesetting units

(/usr/local/texlive/2010/texmf-dist/tex/latex/units/nicefrac.sty
Package: nicefrac 1998/08/04 v0.9b Nice fractions
\L@UnitsRaiseDisplaystyle=\skip86
\L@UnitsRaiseTextstyle=\skip87
\L@UnitsRaiseScriptstyle=\skip88
))
(/usr/local/texlive/2010/texmf-dist/tex/latex/base/makeidx.sty
Package: makeidx 2000/03/29 v1.0m Standard LaTeX package
)
\@indexfile=\write4
\openout4 = `sample-book.idx'.


Writing index file sample-book.idx
No file sample-book.aux.
\openout1 = `sample-book.aux'.

LaTeX Font Info:    Checking defaults for OML/cmm/m/it on input line 148.
LaTeX Font Info:    ... okay on input line 148.
LaTeX Font Info:    Checking defaults for T1/cmr/m/n on input line 148.
LaTeX Font Info:    ... okay on input line 148.
LaTeX Font Info:    Checking defaults for OT1/cmr/m/n on input line 148.
LaTeX Font Info:    ... okay on input line 148.
LaTeX Font Info:    Checking defaults for OMS/cmsy/m/n on input line 148.
LaTeX Font Info:    ... okay on input line 148.
LaTeX Font Info:    Checking defaults for OMX/cmex/m/n on input line 148.
LaTeX Font Info:    ... okay on input line 148.
LaTeX Font Info:    Checking defaults for U/cmr/m/n on input line 148.
LaTeX Font Info:    ... okay on input line 148.
LaTeX Font Info:    Checking defaults for PD1/pdf/m/n on input line 148.
LaTeX Font Info:    ... okay on input line 148.
LaTeX Font Info:    Checking defaults for PU/pdf/m/n on input line 148.
LaTeX Font Info:    ... okay on input line 148.
LaTeX Font Info:    Checking defaults for TS1/cmr/m/n on input line 148.
LaTeX Font Info:    Try loading font information for TS1+cmr on input line 148.

(/usr/local/texlive/2010/texmf-dist/tex/latex/base/ts1cmr.fd
File: ts1cmr.fd 1999/05/25 v2.5h Standard LaTeX font definitions
)
LaTeX Font Info:    ... okay on input line 148.
LaTeX Font Info:    Try loading font information for T1+pplj on input line 148.


(/usr/local/texlive/2010/texmf-dist/tex/latex/psnfss/t1pplj.fd
File: t1pplj.fd 2004/09/06 font definitions for T1/pplj.
)
\AtBeginShipoutBox=\box57
Package hyperref Info: Link coloring ON on input line 148.

(/usr/local/texlive/2010/texmf-dist/tex/latex/hyperref/nameref.sty
Package: nameref 2010/04/30 v2.40 Cross-referencing by name of section

(/usr/local/texlive/2010/texmf-dist/tex/latex/oberdiek/refcount.sty
Package: refcount 2008/08/11 v3.1 Data extraction from references (HO)
)
(/usr/local/texlive/2010/texmf-dist/tex/generic/oberdiek/gettitlestring.sty
Package: gettitlestring 2009/12/18 v1.3 Cleanup title references (HO)
)
\c@section@level=\count124
)
LaTeX Info: Redefining \ref on input line 148.
LaTeX Info: Redefining \pageref on input line 148.
LaTeX Info: Redefining \nameref on input line 148.
\@outlinefile=\write5
\openout5 = `sample-book.out'.

LaTeX Info: Redefining \selectfont on input line 148.

*geometry* driver: auto-detecting
*geometry* detected driver: pdftex
*geometry* verbose mode - [ preamble ] result:
* driver: pdftex
* paper: letterpaper
* layout: <same size as paper>
* layoutoffset:(h,v)=(0.0pt,0.0pt)
* modes: twoside asymmetric 
* h-part:(L,W,R)=(72.26999pt, 312.0pt, 230.02501pt)
* v-part:(T,H,B)=(72.26999pt, 616.0pt, 106.7pt)
* \paperwidth=614.295pt
* \paperheight=794.96999pt
* \textwidth=312.0pt
* \textheight=616.0pt
* \oddsidemargin=0.0pt
* \evensidemargin=0.0pt
* \topmargin=-42.0pt
* \headheight=14.0pt
* \headsep=28.0pt
* \topskip=10.0pt
* \footskip=25.29494pt
* \marginparwidth=144.0pt
* \marginparsep=24.0pt
* \columnsep=10.0pt
* \skip\footins=9.0pt plus 4.0pt minus 2.0pt
* \hoffset=0.0pt
* \voffset=0.0pt
* \mag=1000
* \@twocolumnfalse
* \@twosidetrue
* \@mparswitchfalse
* \@reversemarginfalse
* (1in=72.27pt=25.4mm, 1cm=28.453pt)

\big@size=\dimen146
(/usr/local/texlive/2010/texmf-dist/tex/context/base/supp-pdf.mkii
[Loading MPS to PDF converter (version 2006.09.02).]
\scratchcounter=\count125
\scratchdimen=\dimen147
\scratchbox=\box58
\nofMPsegments=\count126
\nofMParguments=\count127
\everyMPshowfont=\toks20
\MPscratchCnt=\count128
\MPscratchDim=\dimen148
\MPnumerator=\count129
\everyMPtoPDFconversion=\toks21
) (/usr/local/texlive/2010/texmf-dist/tex/latex/oberdiek/epstopdf-base.sty
Package: epstopdf-base 2010/02/09 v2.5 Base part for package epstopdf

(/usr/local/texlive/2010/texmf-dist/tex/latex/oberdiek/grfext.sty
Package: grfext 2007/09/30 v1.0 Managing graphics extensions (HO)
)
Package grfext Info: Graphics extension search list:
(grfext)             [.png,.pdf,.jpg,.mps,.jpeg,.jbig2,.jb2,.PNG,.PDF,.JPG,.JPE
G,.JBIG2,.JB2,.eps]
(grfext)             \AppendGraphicsExtensions on input line 436.

(/usr/local/texlive/2010/texmf-dist/tex/latex/latexconfig/epstopdf-sys.cfg
File: epstopdf-sys.cfg 2010/07/13 v1.3 Configuration of (r)epstopdf for TeX Liv
e
))
[1


]
LaTeX Font Info:    Try loading font information for T1+phv on input line 164.
 (/usr/local/texlive/2010/texmf-dist/tex/latex/psnfss/t1phv.fd
File: t1phv.fd 2001/06/04 scalable font definitions for T1/phv.
)
LaTeX Font Info:    Font shape `T1/phv/m/n' will be
(Font)              scaled to size 8.99994pt on input line 164.
LaTeX Font Info:    Font shape `T1/phv/m/n' will be
(Font)              scaled to size 9.85492pt on input line 164.

Overfull \hbox (7.34093pt too wide) in paragraph at lines 170--170
[]\T1/phv/m/n/10.95/200ls A DE-SIGNER KNOWS THAT HE HAS ACHIEVED PER-FEC-TION N
OT WHEN THERE 
 []

[2{/usr/local/texlive/2010/texmf-var/fonts/map/pdftex/updmap/pdftex.map}]
LaTeX Font Info:    Font shape `T1/phv/m/n' will be
(Font)              scaled to size 16.19989pt on input line 183.
LaTeX Font Info:    Font shape `T1/phv/m/n' will be
(Font)              scaled to size 32.39978pt on input line 183.
LaTeX Font Info:    Font shape `T1/phv/m/n' will be
(Font)              scaled to size 12.59991pt on input line 183.

[3

]
LaTeX Font Info:    Try loading font information for TS1+pplj on input line 193
.
 (/usr/local/texlive/2010/texmf-dist/tex/latex/psnfss/ts1pplj.fd
File: ts1pplj.fd 2004/09/06 font definitions for TS1/pplj.
)
LaTeX Font Info:    Try loading font information for T1+fvm on input line 201.

(/usr/local/texlive/2010/texmf-dist/tex/latex/bera/t1fvm.fd
File: t1fvm.fd 2004/09/07 scalable font definitions for T1/fvm.
)
LaTeX Font Info:    Font shape `T1/fvm/m/n' will be
(Font)              scaled to size 8.50006pt on input line 201.
LaTeX Font Info:    Try loading font information for OT1+pplx on input line 201
.

(/usr/local/texlive/2010/texmf-dist/tex/latex/psnfss/ot1pplx.fd
File: ot1pplx.fd 2004/09/06 font definitions for OT1/pplx.
)
LaTeX Font Info:    Try loading font information for OML+zplm on input line 201
.

(/usr/local/texlive/2010/texmf-dist/tex/latex/psnfss/omlzplm.fd
File: omlzplm.fd 2002/09/08 Fontinst v1.914 font definitions for OML/zplm.
)
LaTeX Font Info:    Try loading font information for OMS+zplm on input line 201
.

(/usr/local/texlive/2010/texmf-dist/tex/latex/psnfss/omszplm.fd
File: omszplm.fd 2002/09/08 Fontinst v1.914 font definitions for OMS/zplm.
)
LaTeX Font Info:    Try loading font information for OMX+zplm on input line 201
.

(/usr/local/texlive/2010/texmf-dist/tex/latex/psnfss/omxzplm.fd
File: omxzplm.fd 2002/09/08 Fontinst v1.914 font definitions for OMX/zplm.
)
LaTeX Font Info:    Try loading font information for OT1+zplm on input line 201
.

(/usr/local/texlive/2010/texmf-dist/tex/latex/psnfss/ot1zplm.fd
File: ot1zplm.fd 2002/09/08 Fontinst v1.914 font definitions for OT1/zplm.
) [4

]
\tf@toc=\write6
\openout6 = `sample-book.toc'.

 [5

]
[6

]
\tf@lof=\write7
\openout7 = `sample-book.lof'.

 [7] [8

]
\tf@lot=\write8
\openout8 = `sample-book.lot'.

 [9] [10

]
LaTeX Font Info:    Calculating math sizes for size <18> on input line 224.

Overfull \hbox (94.52998pt too wide) in paragraph at lines 222--227
\T1/pplj/m/it/18 and the work of [] and [].  
 []

[11] [12

]

Package natbib Warning: Citation `Tufte2001' undefined on input line 237.


Package natbib Warning: Citation `Tufte1990' undefined on input line 237.


Package natbib Warning: Citation `Tufte1997' undefined on input line 237.


Package natbib Warning: Citation `Tufte2006' undefined on input line 237.


LaTeX Warning: Marginpar on page 13 moved.

[13

] [14

]
Overfull \hbox (12.0pt too wide) in paragraph at lines 263--290
[]$[]$ 
 []

[15

] <graphics/vdqi-title.pdf, id=84, 614.295pt x 758.835pt>
File: graphics/vdqi-title.pdf Graphic file (type pdf)

<use graphics/vdqi-title.pdf>
<graphics/ei-title.pdf, id=85, 614.295pt x 758.835pt>
File: graphics/ei-title.pdf Graphic file (type pdf)

<use graphics/ei-title.pdf>
<graphics/ve-title.pdf, id=86, 614.295pt x 758.835pt>
File: graphics/ve-title.pdf Graphic file (type pdf)

<use graphics/ve-title.pdf>
<graphics/be-title.pdf, id=87, 614.295pt x 758.835pt>
File: graphics/be-title.pdf Graphic file (type pdf)

<use graphics/be-title.pdf>
<graphics/vdqi-contents.pdf, id=88, 614.295pt x 758.835pt>
File: graphics/vdqi-contents.pdf Graphic file (type pdf)

<use graphics/vdqi-contents.pdf>
<graphics/ei-contents.pdf, id=89, 614.295pt x 758.835pt>
File: graphics/ei-contents.pdf Graphic file (type pdf)

<use graphics/ei-contents.pdf>
<graphics/ve-contents.pdf, id=90, 614.295pt x 758.835pt>
File: graphics/ve-contents.pdf Graphic file (type pdf)

<use graphics/ve-contents.pdf>
<graphics/be-contents.pdf, id=91, 614.295pt x 758.835pt>
File: graphics/be-contents.pdf Graphic file (type pdf)

<use graphics/be-contents.pdf> [16] [17 <./graphics/vdqi-title.pdf> <./graphics
/ei-title.pdf> <./graphics/ve-title.pdf> <./graphics/be-title.pdf>] [18 <./grap
hics/vdqi-contents.pdf> <./graphics/ei-contents.pdf> <./graphics/ve-contents.pd
f> <./graphics/be-contents.pdf>]
LaTeX Font Info:    Font shape `T1/fvm/m/n' will be
(Font)              scaled to size 6.80005pt on input line 402.


LaTeX Warning: Marginpar on page 19 moved.


Overfull \hbox (8.62123pt too wide) in paragraph at lines 456--466
 [] 
 []


LaTeX Warning: `h' float specifier changed to `ht'.

[19] [20]
LaTeX Font Info:    Font shape `T1/fvm/m/it' in size <20.74> not available
(Font)              Font shape `T1/fvm/m/sl' tried instead on input line 472.
LaTeX Font Info:    Font shape `T1/fvm/m/sl' will be
(Font)              scaled to size 17.62912pt on input line 472.

Overfull \hbox (7.68355pt too wide) in paragraph at lines 484--486
\T1/pplj/m/n/10 This style pro-vides \T1/pplj/m/sc/10/50ls a\T1/pplj/m/n/10 - a
nd \T1/pplj/m/sc/10/50ls b\T1/pplj/m/n/10 -heads (that is, [] and []), 
 []


Package natbib Warning: Citation `Bringhurst2005' undefined on input line 490.


LaTeX Warning: Marginpar on page 21 moved.


Package natbib Warning: Citation `Tufte2006' undefined on input line 497.

pdfTeX warning (ext4): destination with the same identifier (name{cite.Tufte200
6}) has been already used, duplicate ignored
<to be read again> 
                   \relax 
l.497 ...ught{In his later books},\cite{Tufte2006}
                                                   Tufte

LaTeX Warning: Marginpar on page 21 moved.

LaTeX Font Info:    Font shape `T1/fvm/m/n' will be
(Font)              scaled to size 7.65005pt on input line 501.

LaTeX Warning: Marginpar on page 21 moved.

[21

]

LaTeX Warning: Marginpar on page 22 moved.


LaTeX Warning: Marginpar on page 22 moved.


Package natbib Warning: Citation `Tufte2006' undefined on input line 567.

pdfTeX warning (ext4): destination with the same identifier (name{cite.Tufte200
6}) has been already used, duplicate ignored
<to be read again> 
                   \relax 
l.567 ...ite[-3\baselineskip]{Tufte2006,Tufte1990}
                                                   you can

Package natbib Warning: Citation `Tufte1990' undefined on input line 567.

pdfTeX warning (ext4): destination with the same identifier (name{cite.Tufte199
0}) has been already used, duplicate ignored
<to be read again> 
                   \relax 
l.567 ...ite[-3\baselineskip]{Tufte2006,Tufte1990}
                                                   you can [22]
LaTeX Font Info:    Font shape `T1/pplj/bx/n' in size <10> not available
(Font)              Font shape `T1/pplj/b/n' tried instead on input line 583.


LaTeX Warning: Reference `fig:marginfig' on page 23 undefined on input line 583
.

<graphics/helix.pdf, id=250, 221.8689pt x 201.71361pt>
File: graphics/helix.pdf Graphic file (type pdf)

<use graphics/helix.pdf>

LaTeX Warning: Reference `sec:sidenotes' on page 23 undefined on input line 601
.


LaTeX Warning: Reference `fig:fullfig' on page 23 undefined on input line 612.


LaTeX Warning: Reference `fig:textfig' on page 23 undefined on input line 613.

<graphics/sine.pdf, id=252, 505.89pt x 51.04068pt>
File: graphics/sine.pdf Graphic file (type pdf)
 <use graphics/sine.pdf>
<graphics/hilbertcurves.pdf, id=253, 308.47346pt x 76.72565pt>
File: graphics/hilbertcurves.pdf Graphic file (type pdf)

<use graphics/hilbertcurves.pdf>
Underfull \hbox (badness 10000) in paragraph at lines 624--629

 []

[23 <./graphics/helix.pdf> <./graphics/sine.pdf> <./graphics/hilbertcurves.pdf>
]

LaTeX Warning: Reference `fig:textfig' on page 24 undefined on input line 649.


LaTeX Warning: Reference `tab:normaltab' on page 24 undefined on input line 654
.

LaTeX Font Info:    Try loading font information for T1+ppl on input line 660.
(/usr/local/texlive/2010/texmf-dist/tex/latex/psnfss/t1ppl.fd
File: t1ppl.fd 2001/06/04 font definitions for T1/ppl.
)
Overfull \hbox (6.44302pt too wide) in paragraph at lines 687--690
\T1/pplj/m/n/10 this lim-i-ta-tion, the Tufte-L[]T[]X doc-u-ment classes pro-vi
de a []\T1/fvm/m/n/10 \morefloats[][][] 
 []

[24]
Overfull \hbox (56.13647pt too wide) in paragraph at lines 724--727
[] []\T1/pplj/m/it/10 Ver-ti-cal align-ment[] \T1/pplj/m/n/10 To over-ride the 
ver-ti-cal align-ment, use the \T1/fvm/m/n/10 \setfloatalignment[] 
 []

[25]

Package natbib Warning: Citation `Bringhurst2005' undefined on input line 800.

pdfTeX warning (ext4): destination with the same identifier (name{cite.Bringhur
st2005}) has been already used, duplicate ignored
<to be read again> 
                   \relax 
l.800 increased slightly.\cite{Bringhurst2005}
                                                The \doccmddef{allcaps} comm...

LaTeX Warning: Marginpar on page 26 moved.

[26]
Underfull \vbox (badness 10000) has occurred while \output is active []

 [27]
[28]
LaTeX Font Info:    Font shape `T1/fvm/m/it' in size <10> not available
(Font)              Font shape `T1/fvm/m/sl' tried instead on input line 903.
LaTeX Font Info:    Font shape `T1/fvm/m/sl' will be
(Font)              scaled to size 8.50006pt on input line 903.
 [29

]

Package natbib Warning: Citation `pkg-geometry' undefined on input line 965.


LaTeX Warning: Marginpar on page 30 moved.

[30]
Overfull \hbox (29.76787pt too wide) in paragraph at lines 1004--1006
[]\T1/fvm/m/n/9 \documentclass[symmetric,justified,marginals=raggedouter]{tufte
-book}  
 []

[31] [32

]
LaTeX Font Info:    Font shape `T1/fvm/m/it' in size <12> not available
(Font)              Font shape `T1/fvm/m/sl' tried instead on input line 1038.
LaTeX Font Info:    Font shape `T1/fvm/m/sl' will be
(Font)              scaled to size 10.20007pt on input line 1038.
 [33] [34

] [35]

LaTeX Warning: Reference `sec:headings' on page 36 undefined on input line 1096
.


LaTeX Warning: Reference `sec:headings' on page 36 undefined on input line 1103
.


LaTeX Warning: Reference `err:too-many-floats' on page 36 undefined on input li
ne 1112.


LaTeX Warning: Reference `clsopt:symmetric' on page 36 undefined on input line 
1122.

[36] [37] [38

]
No file sample-book.bbl.
No file sample-book.ind.

Package natbib Warning: There were undefined citations.

Package atveryend Info: Empty hook `BeforeClearDocument' on input line 1177.
Package atveryend Info: Empty hook `AfterLastShipout' on input line 1177.
(./sample-book.aux)
Package atveryend Info: Executing hook `AtVeryEndDocument' on input line 1177.


Package rerunfilecheck Warning: File `sample-book.out' has changed.
(rerunfilecheck)                Rerun to get outlines right
(rerunfilecheck)                or use package `bookmark'.

Package rerunfilecheck Info: Checksums for `sample-book.out':
(rerunfilecheck)             Before: <no file>
(rerunfilecheck)             After:  D63257C28F930366810471F975A23639;4409.

LaTeX Warning: There were undefined references.


LaTeX Warning: Label(s) may have changed. Rerun to get cross-references right.

 ) 
Here is how much of TeX's memory you used:
 10919 strings out of 493747
 156182 string characters out of 3143547
 348757 words of memory out of 3000000
 13795 multiletter control sequences out of 15000+200000
 130954 words of font info for 189 fonts, out of 3000000 for 9000
 714 hyphenation exceptions out of 8191
 42i,14n,45p,399b,471s stack positions out of 5000i,500n,10000p,200000b,50000s
{/usr/local/texlive/2010/texmf-dist/fonts/enc/dvips/base/8r.enc}</usr/local/t
exlive/2010/texmf-dist/fonts/type1/public/amsfonts/cm/cmr10.pfb></usr/local/tex
live/2010/texmf-dist/fonts/type1/public/amsfonts/cm/cmsy10.pfb></usr/local/texl
ive/2010/texmf-dist/fonts/type1/public/mathpazo/fplmri.pfb></usr/local/texlive/
2010/texmf-dist/fonts/type1/public/fpl/fplrc8a.pfb></usr/local/texlive/2010/tex
mf-dist/fonts/type1/public/fpl/fplrij8a.pfb></usr/local/texlive/2010/texmf-dist
/fonts/type1/public/bera/fvmr8a.pfb></usr/local/texlive/2010/texmf-dist/fonts/t
ype1/public/bera/fvmro8a.pfb></usr/local/texlive/2010/texmf-dist/fonts/type1/ur
w/helvetic/uhvr8a.pfb></usr/local/texlive/2010/texmf-dist/fonts/type1/urw/palat
ino/uplb8a.pfb></usr/local/texlive/2010/texmf-dist/fonts/type1/urw/palatino/upl
r8a.pfb></usr/local/texlive/2010/texmf-dist/fonts/type1/urw/palatino/uplri8a.pf
b>
Output written on sample-book.pdf (38 pages, 277237 bytes).
PDF statistics:
 443 PDF objects out of 1000 (max. 8388607)
 353 compressed objects within 4 object streams
 84 named destinations out of 1000 (max. 500000)
 4664 words of extra memory for PDF output out of 10000 (max. 10000000)

